#
# There is insufficient memory for the Java Runtime Environment to continue.
# Native memory allocation (malloc) failed to allocate 32744 bytes for ChunkPool::allocate
# Possible reasons:
#   The system is out of physical RAM or swap space
#   The process is running with CompressedOops enabled, and the Java Heap may be blocking the growth of the native heap
# Possible solutions:
#   Reduce memory load on the system
#   Increase physical memory or swap space
#   Check if swap backing store is full
#   Decrease Java heap size (-Xmx/-Xms)
#   Decrease number of Java threads
#   Decrease Java thread stack sizes (-Xss)
#   Set larger code cache with -XX:ReservedCodeCacheSize=
#   JVM is running with Zero Based Compressed Oops mode in which the Java heap is
#     placed in the first 32GB address space. The Java Heap base address is the
#     maximum limit for the native heap growth. Please use -XX:HeapBaseMinAddress
#     to set the Java Heap base and to place the Java Heap above 32GB virtual address.
# This output file may be truncated or incomplete.
#
#  Out of Memory Error (./src/hotspot/share/memory/arena.cpp:81), pid=10808, tid=23548
#
# JRE version: OpenJDK Runtime Environment AdoptOpenJDK (11.0.10+9) (build 11.0.10+9)
# Java VM: OpenJDK 64-Bit Server VM AdoptOpenJDK (11.0.10+9, mixed mode, tiered, compressed oops, g1 gc, windows-amd64)
# No core dump will be written. Minidumps are not enabled by default on client versions of Windows
#

---------------  S U M M A R Y ------------

Command Line: -javaagent:C:\Program Files\JetBrains\IntelliJ IDEA Community Edition 2020.3.2\lib\idea_rt.jar=58298:C:\Program Files\JetBrains\IntelliJ IDEA Community Edition 2020.3.2\bin -Dfile.encoding=UTF-8 com.jwelzbacher.swisstournament.SwissTournamentApplication

Host: 11th Gen Intel(R) Core(TM) i7-1185G7 @ 3.00GHz, 8 cores, 15G,  Windows 10 , 64 bit Build 19041 (10.0.19041.1202)
Time: Fri Oct 15 16:53:02 2021 Eastern Daylight Time elapsed time: 7.224922 seconds (0d 0h 0m 7s)

---------------  T H R E A D  ---------------

Current thread (0x0000025ab52c7000):  JavaThread "restartedMain" [_thread_in_vm, id=23548, stack(0x0000008c23e00000,0x0000008c23f00000)]

Stack: [0x0000008c23e00000,0x0000008c23f00000]
Native frames: (J=compiled Java code, j=interpreted, Vv=VM code, C=native code)
V  [jvm.dll+0x5f35ea]
V  [jvm.dll+0x77c65e]
V  [jvm.dll+0x77dd2f]
V  [jvm.dll+0x77e3f3]
V  [jvm.dll+0x246c38]
V  [jvm.dll+0xbea6b]
V  [jvm.dll+0xbedcc]
V  [jvm.dll+0x1c702b]
V  [jvm.dll+0x1c7a64]
V  [jvm.dll+0x1bc7f9]
V  [jvm.dll+0x4ce045]
V  [jvm.dll+0x716699]
V  [jvm.dll+0x760d33]
V  [jvm.dll+0x75b232]
C  0x0000025a9feebfec

Java frames: (J=compiled Java code, j=interpreted, Vv=VM code)
J 1725  jdk.internal.misc.Unsafe.defineAnonymousClass0(Ljava/lang/Class;[B[Ljava/lang/Object;)Ljava/lang/Class; java.base@11.0.10 (0 bytes) @ 0x0000025a9feebf4c [0x0000025a9feebec0+0x000000000000008c]
J 1724 c1 jdk.internal.misc.Unsafe.defineAnonymousClass(Ljava/lang/Class;[B[Ljava/lang/Object;)Ljava/lang/Class; java.base@11.0.10 (46 bytes) @ 0x0000025a98c4cf4c [0x0000025a98c4cd80+0x00000000000001cc]
J 3277 c1 java.lang.invoke.InnerClassLambdaMetafactory.spinInnerClass()Ljava/lang/Class; java.base@11.0.10 (521 bytes) @ 0x0000025a990622d4 [0x0000025a990603c0+0x0000000000001f14]
J 3599 c1 java.lang.invoke.InnerClassLambdaMetafactory.buildCallSite()Ljava/lang/invoke/CallSite; java.base@11.0.10 (168 bytes) @ 0x0000025a9912b264 [0x0000025a9912b1e0+0x0000000000000084]
J 3598 c1 java.lang.invoke.LambdaForm$DMH.invokeStatic(Ljava/lang/Object;Ljava/lang/Object;Ljava/lang/Object;Ljava/lang/Object;Ljava/lang/Object;Ljava/lang/Object;Ljava/lang/Object;)Ljava/lang/Object; java.base@11.0.10 (30 bytes) @ 0x0000025a9912a994 [0x0000025a9912a4a0+0x00000000000004f4]
J 2530 c1 java.lang.invoke.BootstrapMethodInvoker.invoke(Ljava/lang/Class;Ljava/lang/invoke/MethodHandle;Ljava/lang/String;Ljava/lang/Object;Ljava/lang/Object;Ljava/lang/Class;)Ljava/lang/Object; java.base@11.0.10 (688 bytes) @ 0x0000025a98e28b3c [0x0000025a98e22aa0+0x000000000000609c]
J 3227 c1 java.lang.invoke.CallSite.makeSite(Ljava/lang/invoke/MethodHandle;Ljava/lang/String;Ljava/lang/invoke/MethodType;Ljava/lang/Object;Ljava/lang/Class;)Ljava/lang/invoke/CallSite; java.base@11.0.10 (91 bytes) @ 0x0000025a99035c64 [0x0000025a99035be0+0x0000000000000084]
J 1728 c1 java.lang.invoke.MethodHandleNatives.linkCallSiteImpl(Ljava/lang/Class;Ljava/lang/invoke/MethodHandle;Ljava/lang/String;Ljava/lang/invoke/MethodType;Ljava/lang/Object;[Ljava/lang/Object;)Ljava/lang/invoke/MemberName; java.base@11.0.10 (44 bytes) @ 0x0000025a98c4e22c [0x0000025a98c4e1c0+0x000000000000006c]
J 1727 c1 java.lang.invoke.MethodHandleNatives.linkCallSite(Ljava/lang/Object;ILjava/lang/Object;Ljava/lang/Object;Ljava/lang/Object;Ljava/lang/Object;[Ljava/lang/Object;)Ljava/lang/invoke/MemberName; java.base@11.0.10 (66 bytes) @ 0x0000025a98c4dcdc [0x0000025a98c4d880+0x000000000000045c]
v  ~StubRoutines::call_stub
j  org.springframework.boot.autoconfigure.web.WebProperties$Resources$Cache$Cachecontrol.toHttpCacheControl()Lorg/springframework/http/CacheControl;+11
j  org.springframework.boot.autoconfigure.web.servlet.WebMvcAutoConfiguration$WebMvcAutoConfigurationAdapter.addResourceHandler(Lorg/springframework/web/servlet/config/annotation/ResourceHandlerRegistry;Ljava/lang/String;Ljava/util/function/Consumer;)V+63
j  org.springframework.boot.autoconfigure.web.servlet.WebMvcAutoConfiguration$WebMvcAutoConfigurationAdapter.addResourceHandler(Lorg/springframework/web/servlet/config/annotation/ResourceHandlerRegistry;Ljava/lang/String;[Ljava/lang/String;)V+9
j  org.springframework.boot.autoconfigure.web.servlet.WebMvcAutoConfiguration$WebMvcAutoConfigurationAdapter.addResourceHandlers(Lorg/springframework/web/servlet/config/annotation/ResourceHandlerRegistry;)V+34
j  org.springframework.web.servlet.config.annotation.WebMvcConfigurerComposite.addResourceHandlers(Lorg/springframework/web/servlet/config/annotation/ResourceHandlerRegistry;)V+31
j  org.springframework.web.servlet.config.annotation.DelegatingWebMvcConfiguration.addResourceHandlers(Lorg/springframework/web/servlet/config/annotation/ResourceHandlerRegistry;)V+5
j  org.springframework.web.servlet.config.annotation.WebMvcConfigurationSupport.resourceHandlerMapping(Lorg/springframework/web/accept/ContentNegotiationManager;Lorg/springframework/format/support/FormattingConversionService;Lorg/springframework/web/servlet/resource/ResourceUrlProvider;)Lorg/springframework/web/servlet/HandlerMapping;+66
v  ~StubRoutines::call_stub
J 2577  jdk.internal.reflect.NativeMethodAccessorImpl.invoke0(Ljava/lang/reflect/Method;Ljava/lang/Object;[Ljava/lang/Object;)Ljava/lang/Object; java.base@11.0.10 (0 bytes) @ 0x0000025a9ff6064f [0x0000025a9ff605c0+0x000000000000008f]
J 2576 c1 jdk.internal.reflect.NativeMethodAccessorImpl.invoke(Ljava/lang/Object;[Ljava/lang/Object;)Ljava/lang/Object; java.base@11.0.10 (104 bytes) @ 0x0000025a98e4f764 [0x0000025a98e4eac0+0x0000000000000ca4]
J 4382 c2 jdk.internal.reflect.DelegatingMethodAccessorImpl.invoke(Ljava/lang/Object;[Ljava/lang/Object;)Ljava/lang/Object; java.base@11.0.10 (10 bytes) @ 0x0000025aa00f3ce8 [0x0000025aa00f3ca0+0x0000000000000048]
J 2403 c1 java.lang.reflect.Method.invoke(Ljava/lang/Object;[Ljava/lang/Object;)Ljava/lang/Object; java.base@11.0.10 (65 bytes) @ 0x0000025a98dd1364 [0x0000025a98dd1020+0x0000000000000344]
j  org.springframework.beans.factory.support.SimpleInstantiationStrategy.instantiate(Lorg/springframework/beans/factory/support/RootBeanDefinition;Ljava/lang/String;Lorg/springframework/beans/factory/BeanFactory;Ljava/lang/Object;Ljava/lang/reflect/Method;[Ljava/lang/Object;)Ljava/lang/Object;+50
j  org.springframework.beans.factory.support.ConstructorResolver.instantiate(Ljava/lang/String;Lorg/springframework/beans/factory/support/RootBeanDefinition;Ljava/lang/Object;Ljava/lang/reflect/Method;[Ljava/lang/Object;)Ljava/lang/Object;+48
j  org.springframework.beans.factory.support.ConstructorResolver.instantiateUsingFactoryMethod(Ljava/lang/String;Lorg/springframework/beans/factory/support/RootBeanDefinition;[Ljava/lang/Object;)Lorg/springframework/beans/BeanWrapper;+1565
j  org.springframework.beans.factory.support.AbstractAutowireCapableBeanFactory.instantiateUsingFactoryMethod(Ljava/lang/String;Lorg/springframework/beans/factory/support/RootBeanDefinition;[Ljava/lang/Object;)Lorg/springframework/beans/BeanWrapper;+11
j  org.springframework.beans.factory.support.AbstractAutowireCapableBeanFactory.createBeanInstance(Ljava/lang/String;Lorg/springframework/beans/factory/support/RootBeanDefinition;[Ljava/lang/Object;)Lorg/springframework/beans/BeanWrapper;+102
j  org.springframework.beans.factory.support.AbstractAutowireCapableBeanFactory.doCreateBean(Ljava/lang/String;Lorg/springframework/beans/factory/support/RootBeanDefinition;[Ljava/lang/Object;)Ljava/lang/Object;+34
j  org.springframework.beans.factory.support.AbstractAutowireCapableBeanFactory.createBean(Ljava/lang/String;Lorg/springframework/beans/factory/support/RootBeanDefinition;[Ljava/lang/Object;)Ljava/lang/Object;+169
j  org.springframework.beans.factory.support.AbstractBeanFactory.lambda$doGetBean$0(Ljava/lang/String;Lorg/springframework/beans/factory/support/RootBeanDefinition;[Ljava/lang/Object;)Ljava/lang/Object;+4
j  org.springframework.beans.factory.support.AbstractBeanFactory$$Lambda$267.getObject()Ljava/lang/Object;+16
j  org.springframework.beans.factory.support.DefaultSingletonBeanRegistry.getSingleton(Ljava/lang/String;Lorg/springframework/beans/factory/ObjectFactory;)Ljava/lang/Object;+132
J 2904 c1 org.springframework.beans.factory.support.AbstractBeanFactory.doGetBean(Ljava/lang/String;Ljava/lang/Class;[Ljava/lang/Object;Z)Ljava/lang/Object; (832 bytes) @ 0x0000025a98f116b4 [0x0000025a98f0f920+0x0000000000001d94]
j  org.springframework.beans.factory.support.AbstractBeanFactory.getBean(Ljava/lang/String;)Ljava/lang/Object;+5
j  org.springframework.beans.factory.support.DefaultListableBeanFactory.preInstantiateSingletons()V+248
j  org.springframework.context.support.AbstractApplicationContext.finishBeanFactoryInitialization(Lorg/springframework/beans/factory/config/ConfigurableListableBeanFactory;)V+124
j  org.springframework.context.support.AbstractApplicationContext.refresh()V+86
j  org.springframework.boot.web.servlet.context.ServletWebServerApplicationContext.refresh()V+1
j  org.springframework.boot.SpringApplication.refresh(Lorg/springframework/context/ConfigurableApplicationContext;)V+1
j  org.springframework.boot.SpringApplication.refreshContext(Lorg/springframework/context/ConfigurableApplicationContext;)V+16
j  org.springframework.boot.SpringApplication.run([Ljava/lang/String;)Lorg/springframework/context/ConfigurableApplicationContext;+111
j  org.springframework.boot.SpringApplication.run([Ljava/lang/Class;[Ljava/lang/String;)Lorg/springframework/context/ConfigurableApplicationContext;+9
j  org.springframework.boot.SpringApplication.run(Ljava/lang/Class;[Ljava/lang/String;)Lorg/springframework/context/ConfigurableApplicationContext;+9
j  com.jwelzbacher.swisstournament.SwissTournamentApplication.main([Ljava/lang/String;)V+3
v  ~StubRoutines::call_stub
j  jdk.internal.reflect.NativeMethodAccessorImpl.invoke0(Ljava/lang/reflect/Method;Ljava/lang/Object;[Ljava/lang/Object;)Ljava/lang/Object;+0 java.base@11.0.10
j  jdk.internal.reflect.NativeMethodAccessorImpl.invoke(Ljava/lang/Object;[Ljava/lang/Object;)Ljava/lang/Object;+100 java.base@11.0.10
j  jdk.internal.reflect.DelegatingMethodAccessorImpl.invoke(Ljava/lang/Object;[Ljava/lang/Object;)Ljava/lang/Object;+6 java.base@11.0.10
j  java.lang.reflect.Method.invoke(Ljava/lang/Object;[Ljava/lang/Object;)Ljava/lang/Object;+59 java.base@11.0.10
j  org.springframework.boot.devtools.restart.RestartLauncher.run()V+42
v  ~StubRoutines::call_stub

---------------  P R O C E S S  ---------------

Threads class SMR info:
_java_thread_list=0x0000025aba631330, length=20, elements={
0x0000025a8fc94000, 0x0000025ab37da800, 0x0000025ab37db800, 0x0000025ab37e5800,
0x0000025ab37e6800, 0x0000025ab40d6800, 0x0000025ab40db000, 0x0000025ab40e3000,
0x0000025ab40ec000, 0x0000025ab3786800, 0x0000025ab4294800, 0x0000025ab435e800,
0x0000025ab49a7000, 0x0000025ab52c7000, 0x0000025ab8d02000, 0x0000025ab5dde800,
0x0000025ab7396000, 0x0000025ab93d8800, 0x0000025ab9cb4800, 0x0000025ab9d7a800
}

Java Threads: ( => current thread )
  0x0000025a8fc94000 JavaThread "main" [_thread_blocked, id=12888, stack(0x0000008c22500000,0x0000008c22600000)]
  0x0000025ab37da800 JavaThread "Reference Handler" daemon [_thread_blocked, id=20372, stack(0x0000008c22c00000,0x0000008c22d00000)]
  0x0000025ab37db800 JavaThread "Finalizer" daemon [_thread_blocked, id=13436, stack(0x0000008c22d00000,0x0000008c22e00000)]
  0x0000025ab37e5800 JavaThread "Signal Dispatcher" daemon [_thread_blocked, id=13460, stack(0x0000008c22e00000,0x0000008c22f00000)]
  0x0000025ab37e6800 JavaThread "Attach Listener" daemon [_thread_blocked, id=21272, stack(0x0000008c22f00000,0x0000008c23000000)]
  0x0000025ab40d6800 JavaThread "Service Thread" daemon [_thread_blocked, id=21800, stack(0x0000008c23000000,0x0000008c23100000)]
  0x0000025ab40db000 JavaThread "C2 CompilerThread0" daemon [_thread_in_native, id=5548, stack(0x0000008c23100000,0x0000008c23200000)]
  0x0000025ab40e3000 JavaThread "C1 CompilerThread0" daemon [_thread_blocked, id=18032, stack(0x0000008c23200000,0x0000008c23300000)]
  0x0000025ab40ec000 JavaThread "Sweeper thread" daemon [_thread_blocked, id=20956, stack(0x0000008c23300000,0x0000008c23400000)]
  0x0000025ab3786800 JavaThread "Common-Cleaner" daemon [_thread_blocked, id=8464, stack(0x0000008c23400000,0x0000008c23500000)]
  0x0000025ab4294800 JavaThread "C2 CompilerThread1" daemon [_thread_in_native, id=13132, stack(0x0000008c23500000,0x0000008c23600000)]
  0x0000025ab435e800 JavaThread "Monitor Ctrl-Break" daemon [_thread_in_native, id=17212, stack(0x0000008c23600000,0x0000008c23700000)]
  0x0000025ab49a7000 JavaThread "Thread-0" [_thread_blocked, id=20516, stack(0x0000008c23d00000,0x0000008c23e00000)]
=>0x0000025ab52c7000 JavaThread "restartedMain" [_thread_in_vm, id=23548, stack(0x0000008c23e00000,0x0000008c23f00000)]
  0x0000025ab8d02000 JavaThread "Catalina-utility-1" [_thread_blocked, id=15560, stack(0x0000008c24300000,0x0000008c24400000)]
  0x0000025ab5dde800 JavaThread "Catalina-utility-2" [_thread_blocked, id=12496, stack(0x0000008c24400000,0x0000008c24500000)]
  0x0000025ab7396000 JavaThread "container-0" [_thread_blocked, id=13680, stack(0x0000008c24500000,0x0000008c24600000)]
  0x0000025ab93d8800 JavaThread "HikariPool-1 housekeeper" daemon [_thread_blocked, id=11196, stack(0x0000008c24700000,0x0000008c24800000)]
  0x0000025ab9cb4800 JavaThread "HikariPool-1 connection adder" daemon [_thread_blocked, id=11484, stack(0x0000008c24800000,0x0000008c24900000)]
  0x0000025ab9d7a800 JavaThread "C2 CompilerThread2" daemon [_thread_in_native, id=13572, stack(0x0000008c23f00000,0x0000008c24000000)]

Other Threads:
  0x0000025ab37c8000 VMThread "VM Thread" [stack: 0x0000008c22b00000,0x0000008c22c00000] [id=18180]
  0x0000025ab45a4800 WatcherThread [stack: 0x0000008c23700000,0x0000008c23800000] [id=23852]
  0x0000025a8fcad800 GCTaskThread "GC Thread#0" [stack: 0x0000008c22600000,0x0000008c22700000] [id=23024]
  0x0000025ab4eea000 GCTaskThread "GC Thread#1" [stack: 0x0000008c23800000,0x0000008c23900000] [id=22672]
  0x0000025ab4eea800 GCTaskThread "GC Thread#2" [stack: 0x0000008c23900000,0x0000008c23a00000] [id=13568]
  0x0000025ab4eeb800 GCTaskThread "GC Thread#3" [stack: 0x0000008c23a00000,0x0000008c23b00000] [id=23956]
  0x0000025ab4eec000 GCTaskThread "GC Thread#4" [stack: 0x0000008c23b00000,0x0000008c23c00000] [id=5652]
  0x0000025ab4ee8000 GCTaskThread "GC Thread#5" [stack: 0x0000008c23c00000,0x0000008c23d00000] [id=20264]
  0x0000025ab4ee8800 GCTaskThread "GC Thread#6" [stack: 0x0000008c24000000,0x0000008c24100000] [id=14816]
  0x0000025ab4eee800 GCTaskThread "GC Thread#7" [stack: 0x0000008c24100000,0x0000008c24200000] [id=11952]
  0x0000025a8fd08000 ConcurrentGCThread "G1 Main Marker" [stack: 0x0000008c22700000,0x0000008c22800000] [id=20572]
  0x0000025a8fd0b800 ConcurrentGCThread "G1 Conc#0" [stack: 0x0000008c22800000,0x0000008c22900000] [id=10384]
  0x0000025ab4eef000 ConcurrentGCThread "G1 Conc#1" [stack: 0x0000008c24200000,0x0000008c24300000] [id=11216]
  0x0000025ab36b0800 ConcurrentGCThread "G1 Refine#0" [stack: 0x0000008c22900000,0x0000008c22a00000] [id=5940]
  0x0000025ab36b3800 ConcurrentGCThread "G1 Young RemSet Sampling" [stack: 0x0000008c22a00000,0x0000008c22b00000] [id=18776]

Threads with active compile tasks:
C2 CompilerThread0   7239 4975       4       org.springframework.core.annotation.TypeMappedAnnotations$MergedAnnotationFinder::doWithAnnotations (75 bytes)
C2 CompilerThread1   7239 4662       4       org.springframework.core.annotation.AnnotationsScanner::process (43 bytes)
C2 CompilerThread2   7239 4582   !   4       org.springframework.core.annotation.AnnotationsScanner::processMethodHierarchy (276 bytes)

VM state:not at safepoint (normal execution)

VM Mutex/Monitor currently owned by a thread: None

Heap address: 0x0000000704200000, size: 4030 MB, Compressed Oops mode: Zero based, Oop shift amount: 3
Narrow klass base: 0x0000000800000000, Narrow klass shift: 0
Compressed class space size: 1073741824 Address: 0x0000000800000000

Heap:
 garbage-first heap   total 310272K, used 26460K [0x0000000704200000, 0x0000000800000000)
  region size 1024K, 21 young (21504K), 16 survivors (16384K)
 Metaspace       used 59016K, capacity 60525K, committed 60800K, reserved 1101824K
  class space    used 7476K, capacity 8079K, committed 8192K, reserved 1048576K
Heap Regions: E=young(eden), S=young(survivor), O=old, HS=humongous(starts), HC=humongous(continues), CS=collection set, F=free, A=archive, TAMS=top-at-mark-start (previous, next)
|   0|0x0000000704200000, 0x0000000704300000, 0x0000000704300000|100%|HS|  |TAMS 0x0000000704300000, 0x0000000704200000| Complete 
|   1|0x0000000704300000, 0x0000000704400000, 0x0000000704400000|100%| O|  |TAMS 0x0000000704400000, 0x0000000704300000| Untracked 
|   2|0x0000000704400000, 0x0000000704500000, 0x0000000704500000|100%| O|  |TAMS 0x0000000704500000, 0x0000000704400000| Untracked 
|   3|0x0000000704500000, 0x0000000704600000, 0x0000000704600000|100%| O|  |TAMS 0x0000000704600000, 0x0000000704500000| Untracked 
|   4|0x0000000704600000, 0x0000000704700000, 0x0000000704700000|100%| O|  |TAMS 0x0000000704700000, 0x0000000704600000| Untracked 
|   5|0x0000000704700000, 0x0000000704800000, 0x0000000704800000|100%| O|  |TAMS 0x0000000704800000, 0x0000000704700000| Untracked 
|   6|0x0000000704800000, 0x0000000704839000, 0x0000000704900000| 22%| O|  |TAMS 0x0000000704839000, 0x0000000704800000| Untracked 
|   7|0x0000000704900000, 0x0000000704900000, 0x0000000704a00000|  0%| F|  |TAMS 0x0000000704900000, 0x0000000704900000| Untracked 
|   8|0x0000000704a00000, 0x0000000704a00000, 0x0000000704b00000|  0%| F|  |TAMS 0x0000000704a00000, 0x0000000704a00000| Untracked 
|   9|0x0000000704b00000, 0x0000000704b00000, 0x0000000704c00000|  0%| F|  |TAMS 0x0000000704b00000, 0x0000000704b00000| Untracked 
|  10|0x0000000704c00000, 0x0000000704c00000, 0x0000000704d00000|  0%| F|  |TAMS 0x0000000704c00000, 0x0000000704c00000| Untracked 
|  11|0x0000000704d00000, 0x0000000704d00000, 0x0000000704e00000|  0%| F|  |TAMS 0x0000000704d00000, 0x0000000704d00000| Untracked 
|  12|0x0000000704e00000, 0x0000000704e00000, 0x0000000704f00000|  0%| F|  |TAMS 0x0000000704e00000, 0x0000000704e00000| Untracked 
|  13|0x0000000704f00000, 0x0000000704f00000, 0x0000000705000000|  0%| F|  |TAMS 0x0000000704f00000, 0x0000000704f00000| Untracked 
|  14|0x0000000705000000, 0x0000000705000000, 0x0000000705100000|  0%| F|  |TAMS 0x0000000705000000, 0x0000000705000000| Untracked 
|  15|0x0000000705100000, 0x0000000705100000, 0x0000000705200000|  0%| F|  |TAMS 0x0000000705100000, 0x0000000705100000| Untracked 
|  16|0x0000000705200000, 0x0000000705200000, 0x0000000705300000|  0%| F|  |TAMS 0x0000000705200000, 0x0000000705200000| Untracked 
|  17|0x0000000705300000, 0x0000000705300000, 0x0000000705400000|  0%| F|  |TAMS 0x0000000705300000, 0x0000000705300000| Untracked 
|  18|0x0000000705400000, 0x0000000705400000, 0x0000000705500000|  0%| F|  |TAMS 0x0000000705400000, 0x0000000705400000| Untracked 
|  19|0x0000000705500000, 0x0000000705500000, 0x0000000705600000|  0%| F|  |TAMS 0x0000000705500000, 0x0000000705500000| Untracked 
|  20|0x0000000705600000, 0x0000000705600000, 0x0000000705700000|  0%| F|  |TAMS 0x0000000705600000, 0x0000000705600000| Untracked 
|  21|0x0000000705700000, 0x0000000705700000, 0x0000000705800000|  0%| F|  |TAMS 0x0000000705700000, 0x0000000705700000| Untracked 
|  22|0x0000000705800000, 0x0000000705800000, 0x0000000705900000|  0%| F|  |TAMS 0x0000000705800000, 0x0000000705800000| Untracked 
|  23|0x0000000705900000, 0x0000000705900000, 0x0000000705a00000|  0%| F|  |TAMS 0x0000000705900000, 0x0000000705900000| Untracked 
|  24|0x0000000705a00000, 0x0000000705a00000, 0x0000000705b00000|  0%| F|  |TAMS 0x0000000705a00000, 0x0000000705a00000| Untracked 
|  25|0x0000000705b00000, 0x0000000705b00000, 0x0000000705c00000|  0%| F|  |TAMS 0x0000000705b00000, 0x0000000705b00000| Untracked 
|  26|0x0000000705c00000, 0x0000000705c00000, 0x0000000705d00000|  0%| F|  |TAMS 0x0000000705c00000, 0x0000000705c00000| Untracked 
|  27|0x0000000705d00000, 0x0000000705d00000, 0x0000000705e00000|  0%| F|  |TAMS 0x0000000705d00000, 0x0000000705d00000| Untracked 
|  28|0x0000000705e00000, 0x0000000705e00000, 0x0000000705f00000|  0%| F|  |TAMS 0x0000000705e00000, 0x0000000705e00000| Untracked 
|  29|0x0000000705f00000, 0x0000000705f00000, 0x0000000706000000|  0%| F|  |TAMS 0x0000000705f00000, 0x0000000705f00000| Untracked 
|  30|0x0000000706000000, 0x0000000706000000, 0x0000000706100000|  0%| F|  |TAMS 0x0000000706000000, 0x0000000706000000| Untracked 
|  31|0x0000000706100000, 0x0000000706100000, 0x0000000706200000|  0%| F|  |TAMS 0x0000000706100000, 0x0000000706100000| Untracked 
|  32|0x0000000706200000, 0x0000000706200000, 0x0000000706300000|  0%| F|  |TAMS 0x0000000706200000, 0x0000000706200000| Untracked 
|  33|0x0000000706300000, 0x0000000706300000, 0x0000000706400000|  0%| F|  |TAMS 0x0000000706300000, 0x0000000706300000| Untracked 
|  34|0x0000000706400000, 0x0000000706400000, 0x0000000706500000|  0%| F|  |TAMS 0x0000000706400000, 0x0000000706400000| Untracked 
|  35|0x0000000706500000, 0x0000000706500000, 0x0000000706600000|  0%| F|  |TAMS 0x0000000706500000, 0x0000000706500000| Untracked 
|  36|0x0000000706600000, 0x0000000706600000, 0x0000000706700000|  0%| F|  |TAMS 0x0000000706600000, 0x0000000706600000| Untracked 
|  37|0x0000000706700000, 0x0000000706700000, 0x0000000706800000|  0%| F|  |TAMS 0x0000000706700000, 0x0000000706700000| Untracked 
|  38|0x0000000706800000, 0x0000000706800000, 0x0000000706900000|  0%| F|  |TAMS 0x0000000706800000, 0x0000000706800000| Untracked 
|  39|0x0000000706900000, 0x0000000706900000, 0x0000000706a00000|  0%| F|  |TAMS 0x0000000706900000, 0x0000000706900000| Untracked 
|  40|0x0000000706a00000, 0x0000000706a00000, 0x0000000706b00000|  0%| F|  |TAMS 0x0000000706a00000, 0x0000000706a00000| Untracked 
|  41|0x0000000706b00000, 0x0000000706b00000, 0x0000000706c00000|  0%| F|  |TAMS 0x0000000706b00000, 0x0000000706b00000| Untracked 
|  42|0x0000000706c00000, 0x0000000706c00000, 0x0000000706d00000|  0%| F|  |TAMS 0x0000000706c00000, 0x0000000706c00000| Untracked 
|  43|0x0000000706d00000, 0x0000000706d00000, 0x0000000706e00000|  0%| F|  |TAMS 0x0000000706d00000, 0x0000000706d00000| Untracked 
|  44|0x0000000706e00000, 0x0000000706e00000, 0x0000000706f00000|  0%| F|  |TAMS 0x0000000706e00000, 0x0000000706e00000| Untracked 
|  45|0x0000000706f00000, 0x0000000706f00000, 0x0000000707000000|  0%| F|  |TAMS 0x0000000706f00000, 0x0000000706f00000| Untracked 
|  46|0x0000000707000000, 0x0000000707000000, 0x0000000707100000|  0%| F|  |TAMS 0x0000000707000000, 0x0000000707000000| Untracked 
|  47|0x0000000707100000, 0x0000000707100000, 0x0000000707200000|  0%| F|  |TAMS 0x0000000707100000, 0x0000000707100000| Untracked 
|  48|0x0000000707200000, 0x0000000707200000, 0x0000000707300000|  0%| F|  |TAMS 0x0000000707200000, 0x0000000707200000| Untracked 
|  49|0x0000000707300000, 0x0000000707300000, 0x0000000707400000|  0%| F|  |TAMS 0x0000000707300000, 0x0000000707300000| Untracked 
|  50|0x0000000707400000, 0x0000000707400000, 0x0000000707500000|  0%| F|  |TAMS 0x0000000707400000, 0x0000000707400000| Untracked 
|  51|0x0000000707500000, 0x0000000707500000, 0x0000000707600000|  0%| F|  |TAMS 0x0000000707500000, 0x0000000707500000| Untracked 
|  52|0x0000000707600000, 0x0000000707600000, 0x0000000707700000|  0%| F|  |TAMS 0x0000000707600000, 0x0000000707600000| Untracked 
|  53|0x0000000707700000, 0x0000000707700000, 0x0000000707800000|  0%| F|  |TAMS 0x0000000707700000, 0x0000000707700000| Untracked 
|  54|0x0000000707800000, 0x0000000707800000, 0x0000000707900000|  0%| F|  |TAMS 0x0000000707800000, 0x0000000707800000| Untracked 
|  55|0x0000000707900000, 0x0000000707900000, 0x0000000707a00000|  0%| F|  |TAMS 0x0000000707900000, 0x0000000707900000| Untracked 
|  56|0x0000000707a00000, 0x0000000707a00000, 0x0000000707b00000|  0%| F|  |TAMS 0x0000000707a00000, 0x0000000707a00000| Untracked 
|  57|0x0000000707b00000, 0x0000000707b00000, 0x0000000707c00000|  0%| F|  |TAMS 0x0000000707b00000, 0x0000000707b00000| Untracked 
|  58|0x0000000707c00000, 0x0000000707c00000, 0x0000000707d00000|  0%| F|  |TAMS 0x0000000707c00000, 0x0000000707c00000| Untracked 
|  59|0x0000000707d00000, 0x0000000707d00000, 0x0000000707e00000|  0%| F|  |TAMS 0x0000000707d00000, 0x0000000707d00000| Untracked 
|  60|0x0000000707e00000, 0x0000000707e00000, 0x0000000707f00000|  0%| F|  |TAMS 0x0000000707e00000, 0x0000000707e00000| Untracked 
|  61|0x0000000707f00000, 0x0000000707f00000, 0x0000000708000000|  0%| F|  |TAMS 0x0000000707f00000, 0x0000000707f00000| Untracked 
|  62|0x0000000708000000, 0x0000000708000000, 0x0000000708100000|  0%| F|  |TAMS 0x0000000708000000, 0x0000000708000000| Untracked 
|  63|0x0000000708100000, 0x0000000708100000, 0x0000000708200000|  0%| F|  |TAMS 0x0000000708100000, 0x0000000708100000| Untracked 
|  64|0x0000000708200000, 0x0000000708200000, 0x0000000708300000|  0%| F|  |TAMS 0x0000000708200000, 0x0000000708200000| Untracked 
|  65|0x0000000708300000, 0x0000000708300000, 0x0000000708400000|  0%| F|  |TAMS 0x0000000708300000, 0x0000000708300000| Untracked 
|  66|0x0000000708400000, 0x0000000708400000, 0x0000000708500000|  0%| F|  |TAMS 0x0000000708400000, 0x0000000708400000| Untracked 
|  67|0x0000000708500000, 0x0000000708500000, 0x0000000708600000|  0%| F|  |TAMS 0x0000000708500000, 0x0000000708500000| Untracked 
|  68|0x0000000708600000, 0x0000000708600000, 0x0000000708700000|  0%| F|  |TAMS 0x0000000708600000, 0x0000000708600000| Untracked 
|  69|0x0000000708700000, 0x0000000708700000, 0x0000000708800000|  0%| F|  |TAMS 0x0000000708700000, 0x0000000708700000| Untracked 
|  70|0x0000000708800000, 0x0000000708800000, 0x0000000708900000|  0%| F|  |TAMS 0x0000000708800000, 0x0000000708800000| Untracked 
|  71|0x0000000708900000, 0x0000000708900000, 0x0000000708a00000|  0%| F|  |TAMS 0x0000000708900000, 0x0000000708900000| Untracked 
|  72|0x0000000708a00000, 0x0000000708a00000, 0x0000000708b00000|  0%| F|  |TAMS 0x0000000708a00000, 0x0000000708a00000| Untracked 
|  73|0x0000000708b00000, 0x0000000708b00000, 0x0000000708c00000|  0%| F|  |TAMS 0x0000000708b00000, 0x0000000708b00000| Untracked 
|  74|0x0000000708c00000, 0x0000000708c00000, 0x0000000708d00000|  0%| F|  |TAMS 0x0000000708c00000, 0x0000000708c00000| Untracked 
|  75|0x0000000708d00000, 0x0000000708d00000, 0x0000000708e00000|  0%| F|  |TAMS 0x0000000708d00000, 0x0000000708d00000| Untracked 
|  76|0x0000000708e00000, 0x0000000708e00000, 0x0000000708f00000|  0%| F|  |TAMS 0x0000000708e00000, 0x0000000708e00000| Untracked 
|  77|0x0000000708f00000, 0x0000000708f00000, 0x0000000709000000|  0%| F|  |TAMS 0x0000000708f00000, 0x0000000708f00000| Untracked 
|  78|0x0000000709000000, 0x0000000709000000, 0x0000000709100000|  0%| F|  |TAMS 0x0000000709000000, 0x0000000709000000| Untracked 
|  79|0x0000000709100000, 0x0000000709100000, 0x0000000709200000|  0%| F|  |TAMS 0x0000000709100000, 0x0000000709100000| Untracked 
|  80|0x0000000709200000, 0x0000000709200000, 0x0000000709300000|  0%| F|  |TAMS 0x0000000709200000, 0x0000000709200000| Untracked 
|  81|0x0000000709300000, 0x0000000709300000, 0x0000000709400000|  0%| F|  |TAMS 0x0000000709300000, 0x0000000709300000| Untracked 
|  82|0x0000000709400000, 0x0000000709400000, 0x0000000709500000|  0%| F|  |TAMS 0x0000000709400000, 0x0000000709400000| Untracked 
|  83|0x0000000709500000, 0x0000000709500000, 0x0000000709600000|  0%| F|  |TAMS 0x0000000709500000, 0x0000000709500000| Untracked 
|  84|0x0000000709600000, 0x0000000709600000, 0x0000000709700000|  0%| F|  |TAMS 0x0000000709600000, 0x0000000709600000| Untracked 
|  85|0x0000000709700000, 0x0000000709700000, 0x0000000709800000|  0%| F|  |TAMS 0x0000000709700000, 0x0000000709700000| Untracked 
|  86|0x0000000709800000, 0x0000000709800000, 0x0000000709900000|  0%| F|  |TAMS 0x0000000709800000, 0x0000000709800000| Untracked 
|  87|0x0000000709900000, 0x0000000709900000, 0x0000000709a00000|  0%| F|  |TAMS 0x0000000709900000, 0x0000000709900000| Untracked 
|  88|0x0000000709a00000, 0x0000000709a00000, 0x0000000709b00000|  0%| F|  |TAMS 0x0000000709a00000, 0x0000000709a00000| Untracked 
|  89|0x0000000709b00000, 0x0000000709b00000, 0x0000000709c00000|  0%| F|  |TAMS 0x0000000709b00000, 0x0000000709b00000| Untracked 
|  90|0x0000000709c00000, 0x0000000709c00000, 0x0000000709d00000|  0%| F|  |TAMS 0x0000000709c00000, 0x0000000709c00000| Untracked 
|  91|0x0000000709d00000, 0x0000000709d00000, 0x0000000709e00000|  0%| F|  |TAMS 0x0000000709d00000, 0x0000000709d00000| Untracked 
|  92|0x0000000709e00000, 0x0000000709e00000, 0x0000000709f00000|  0%| F|  |TAMS 0x0000000709e00000, 0x0000000709e00000| Untracked 
|  93|0x0000000709f00000, 0x0000000709f00000, 0x000000070a000000|  0%| F|  |TAMS 0x0000000709f00000, 0x0000000709f00000| Untracked 
|  94|0x000000070a000000, 0x000000070a000000, 0x000000070a100000|  0%| F|  |TAMS 0x000000070a000000, 0x000000070a000000| Untracked 
|  95|0x000000070a100000, 0x000000070a100000, 0x000000070a200000|  0%| F|  |TAMS 0x000000070a100000, 0x000000070a100000| Untracked 
|  96|0x000000070a200000, 0x000000070a200000, 0x000000070a300000|  0%| F|  |TAMS 0x000000070a200000, 0x000000070a200000| Untracked 
|  97|0x000000070a300000, 0x000000070a300000, 0x000000070a400000|  0%| F|  |TAMS 0x000000070a300000, 0x000000070a300000| Untracked 
|  98|0x000000070a400000, 0x000000070a400000, 0x000000070a500000|  0%| F|  |TAMS 0x000000070a400000, 0x000000070a400000| Untracked 
|  99|0x000000070a500000, 0x000000070a500000, 0x000000070a600000|  0%| F|  |TAMS 0x000000070a500000, 0x000000070a500000| Untracked 
| 100|0x000000070a600000, 0x000000070a600000, 0x000000070a700000|  0%| F|  |TAMS 0x000000070a600000, 0x000000070a600000| Untracked 
| 101|0x000000070a700000, 0x000000070a700000, 0x000000070a800000|  0%| F|  |TAMS 0x000000070a700000, 0x000000070a700000| Untracked 
| 102|0x000000070a800000, 0x000000070a800000, 0x000000070a900000|  0%| F|  |TAMS 0x000000070a800000, 0x000000070a800000| Untracked 
| 103|0x000000070a900000, 0x000000070a900000, 0x000000070aa00000|  0%| F|  |TAMS 0x000000070a900000, 0x000000070a900000| Untracked 
| 104|0x000000070aa00000, 0x000000070aa00000, 0x000000070ab00000|  0%| F|  |TAMS 0x000000070aa00000, 0x000000070aa00000| Untracked 
| 105|0x000000070ab00000, 0x000000070ab00000, 0x000000070ac00000|  0%| F|  |TAMS 0x000000070ab00000, 0x000000070ab00000| Untracked 
| 106|0x000000070ac00000, 0x000000070ac00000, 0x000000070ad00000|  0%| F|  |TAMS 0x000000070ac00000, 0x000000070ac00000| Untracked 
| 107|0x000000070ad00000, 0x000000070ad00000, 0x000000070ae00000|  0%| F|  |TAMS 0x000000070ad00000, 0x000000070ad00000| Untracked 
| 108|0x000000070ae00000, 0x000000070ae00000, 0x000000070af00000|  0%| F|  |TAMS 0x000000070ae00000, 0x000000070ae00000| Untracked 
| 109|0x000000070af00000, 0x000000070af00000, 0x000000070b000000|  0%| F|  |TAMS 0x000000070af00000, 0x000000070af00000| Untracked 
| 110|0x000000070b000000, 0x000000070b000000, 0x000000070b100000|  0%| F|  |TAMS 0x000000070b000000, 0x000000070b000000| Untracked 
| 111|0x000000070b100000, 0x000000070b100000, 0x000000070b200000|  0%| F|  |TAMS 0x000000070b100000, 0x000000070b100000| Untracked 
| 112|0x000000070b200000, 0x000000070b200000, 0x000000070b300000|  0%| F|  |TAMS 0x000000070b200000, 0x000000070b200000| Untracked 
| 113|0x000000070b300000, 0x000000070b300000, 0x000000070b400000|  0%| F|  |TAMS 0x000000070b300000, 0x000000070b300000| Untracked 
| 114|0x000000070b400000, 0x000000070b400000, 0x000000070b500000|  0%| F|  |TAMS 0x000000070b400000, 0x000000070b400000| Untracked 
| 115|0x000000070b500000, 0x000000070b500000, 0x000000070b600000|  0%| F|  |TAMS 0x000000070b500000, 0x000000070b500000| Untracked 
| 116|0x000000070b600000, 0x000000070b600000, 0x000000070b700000|  0%| F|  |TAMS 0x000000070b600000, 0x000000070b600000| Untracked 
| 117|0x000000070b700000, 0x000000070b700000, 0x000000070b800000|  0%| F|  |TAMS 0x000000070b700000, 0x000000070b700000| Untracked 
| 118|0x000000070b800000, 0x000000070b800000, 0x000000070b900000|  0%| F|  |TAMS 0x000000070b800000, 0x000000070b800000| Untracked 
| 119|0x000000070b900000, 0x000000070b900000, 0x000000070ba00000|  0%| F|  |TAMS 0x000000070b900000, 0x000000070b900000| Untracked 
| 120|0x000000070ba00000, 0x000000070ba00000, 0x000000070bb00000|  0%| F|  |TAMS 0x000000070ba00000, 0x000000070ba00000| Untracked 
| 121|0x000000070bb00000, 0x000000070bb00000, 0x000000070bc00000|  0%| F|  |TAMS 0x000000070bb00000, 0x000000070bb00000| Untracked 
| 122|0x000000070bc00000, 0x000000070bc00000, 0x000000070bd00000|  0%| F|  |TAMS 0x000000070bc00000, 0x000000070bc00000| Untracked 
| 123|0x000000070bd00000, 0x000000070bd00000, 0x000000070be00000|  0%| F|  |TAMS 0x000000070bd00000, 0x000000070bd00000| Untracked 
| 124|0x000000070be00000, 0x000000070be00000, 0x000000070bf00000|  0%| F|  |TAMS 0x000000070be00000, 0x000000070be00000| Untracked 
| 125|0x000000070bf00000, 0x000000070bf00000, 0x000000070c000000|  0%| F|  |TAMS 0x000000070bf00000, 0x000000070bf00000| Untracked 
| 126|0x000000070c000000, 0x000000070c000000, 0x000000070c100000|  0%| F|  |TAMS 0x000000070c000000, 0x000000070c000000| Untracked 
| 127|0x000000070c100000, 0x000000070c100000, 0x000000070c200000|  0%| F|  |TAMS 0x000000070c100000, 0x000000070c100000| Untracked 
| 128|0x000000070c200000, 0x000000070c200000, 0x000000070c300000|  0%| F|  |TAMS 0x000000070c200000, 0x000000070c200000| Untracked 
| 129|0x000000070c300000, 0x000000070c300000, 0x000000070c400000|  0%| F|  |TAMS 0x000000070c300000, 0x000000070c300000| Untracked 
| 130|0x000000070c400000, 0x000000070c400000, 0x000000070c500000|  0%| F|  |TAMS 0x000000070c400000, 0x000000070c400000| Untracked 
| 131|0x000000070c500000, 0x000000070c500000, 0x000000070c600000|  0%| F|  |TAMS 0x000000070c500000, 0x000000070c500000| Untracked 
| 132|0x000000070c600000, 0x000000070c600000, 0x000000070c700000|  0%| F|  |TAMS 0x000000070c600000, 0x000000070c600000| Untracked 
| 133|0x000000070c700000, 0x000000070c700000, 0x000000070c800000|  0%| F|  |TAMS 0x000000070c700000, 0x000000070c700000| Untracked 
| 134|0x000000070c800000, 0x000000070c800000, 0x000000070c900000|  0%| F|  |TAMS 0x000000070c800000, 0x000000070c800000| Untracked 
| 135|0x000000070c900000, 0x000000070c900000, 0x000000070ca00000|  0%| F|  |TAMS 0x000000070c900000, 0x000000070c900000| Untracked 
| 136|0x000000070ca00000, 0x000000070ca00000, 0x000000070cb00000|  0%| F|  |TAMS 0x000000070ca00000, 0x000000070ca00000| Untracked 
| 137|0x000000070cb00000, 0x000000070cb00000, 0x000000070cc00000|  0%| F|  |TAMS 0x000000070cb00000, 0x000000070cb00000| Untracked 
| 138|0x000000070cc00000, 0x000000070cc00000, 0x000000070cd00000|  0%| F|  |TAMS 0x000000070cc00000, 0x000000070cc00000| Untracked 
| 139|0x000000070cd00000, 0x000000070cd00000, 0x000000070ce00000|  0%| F|  |TAMS 0x000000070cd00000, 0x000000070cd00000| Untracked 
| 140|0x000000070ce00000, 0x000000070ce00000, 0x000000070cf00000|  0%| F|  |TAMS 0x000000070ce00000, 0x000000070ce00000| Untracked 
| 141|0x000000070cf00000, 0x000000070cf00000, 0x000000070d000000|  0%| F|  |TAMS 0x000000070cf00000, 0x000000070cf00000| Untracked 
| 142|0x000000070d000000, 0x000000070d000000, 0x000000070d100000|  0%| F|  |TAMS 0x000000070d000000, 0x000000070d000000| Untracked 
| 143|0x000000070d100000, 0x000000070d100000, 0x000000070d200000|  0%| F|  |TAMS 0x000000070d100000, 0x000000070d100000| Untracked 
| 144|0x000000070d200000, 0x000000070d200000, 0x000000070d300000|  0%| F|  |TAMS 0x000000070d200000, 0x000000070d200000| Untracked 
| 145|0x000000070d300000, 0x000000070d300000, 0x000000070d400000|  0%| F|  |TAMS 0x000000070d300000, 0x000000070d300000| Untracked 
| 146|0x000000070d400000, 0x000000070d400000, 0x000000070d500000|  0%| F|  |TAMS 0x000000070d400000, 0x000000070d400000| Untracked 
| 147|0x000000070d500000, 0x000000070d500000, 0x000000070d600000|  0%| F|  |TAMS 0x000000070d500000, 0x000000070d500000| Untracked 
| 148|0x000000070d600000, 0x000000070d600000, 0x000000070d700000|  0%| F|  |TAMS 0x000000070d600000, 0x000000070d600000| Untracked 
| 149|0x000000070d700000, 0x000000070d700000, 0x000000070d800000|  0%| F|  |TAMS 0x000000070d700000, 0x000000070d700000| Untracked 
| 150|0x000000070d800000, 0x000000070d800000, 0x000000070d900000|  0%| F|  |TAMS 0x000000070d800000, 0x000000070d800000| Untracked 
| 151|0x000000070d900000, 0x000000070d900000, 0x000000070da00000|  0%| F|  |TAMS 0x000000070d900000, 0x000000070d900000| Untracked 
| 152|0x000000070da00000, 0x000000070da00000, 0x000000070db00000|  0%| F|  |TAMS 0x000000070da00000, 0x000000070da00000| Untracked 
| 153|0x000000070db00000, 0x000000070db00000, 0x000000070dc00000|  0%| F|  |TAMS 0x000000070db00000, 0x000000070db00000| Untracked 
| 154|0x000000070dc00000, 0x000000070dc00000, 0x000000070dd00000|  0%| F|  |TAMS 0x000000070dc00000, 0x000000070dc00000| Untracked 
| 155|0x000000070dd00000, 0x000000070dd00000, 0x000000070de00000|  0%| F|  |TAMS 0x000000070dd00000, 0x000000070dd00000| Untracked 
| 156|0x000000070de00000, 0x000000070de00000, 0x000000070df00000|  0%| F|  |TAMS 0x000000070de00000, 0x000000070de00000| Untracked 
| 157|0x000000070df00000, 0x000000070df00000, 0x000000070e000000|  0%| F|  |TAMS 0x000000070df00000, 0x000000070df00000| Untracked 
| 158|0x000000070e000000, 0x000000070e000000, 0x000000070e100000|  0%| F|  |TAMS 0x000000070e000000, 0x000000070e000000| Untracked 
| 159|0x000000070e100000, 0x000000070e100000, 0x000000070e200000|  0%| F|  |TAMS 0x000000070e100000, 0x000000070e100000| Untracked 
| 160|0x000000070e200000, 0x000000070e200000, 0x000000070e300000|  0%| F|  |TAMS 0x000000070e200000, 0x000000070e200000| Untracked 
| 161|0x000000070e300000, 0x000000070e300000, 0x000000070e400000|  0%| F|  |TAMS 0x000000070e300000, 0x000000070e300000| Untracked 
| 162|0x000000070e400000, 0x000000070e400000, 0x000000070e500000|  0%| F|  |TAMS 0x000000070e400000, 0x000000070e400000| Untracked 
| 163|0x000000070e500000, 0x000000070e500000, 0x000000070e600000|  0%| F|  |TAMS 0x000000070e500000, 0x000000070e500000| Untracked 
| 164|0x000000070e600000, 0x000000070e600000, 0x000000070e700000|  0%| F|  |TAMS 0x000000070e600000, 0x000000070e600000| Untracked 
| 165|0x000000070e700000, 0x000000070e79e088, 0x000000070e800000| 61%| S|CS|TAMS 0x000000070e700000, 0x000000070e700000| Complete 
| 166|0x000000070e800000, 0x000000070e900000, 0x000000070e900000|100%| S|CS|TAMS 0x000000070e800000, 0x000000070e800000| Complete 
| 167|0x000000070e900000, 0x000000070ea00000, 0x000000070ea00000|100%| S|CS|TAMS 0x000000070e900000, 0x000000070e900000| Complete 
| 168|0x000000070ea00000, 0x000000070eb00000, 0x000000070eb00000|100%| S|CS|TAMS 0x000000070ea00000, 0x000000070ea00000| Complete 
| 169|0x000000070eb00000, 0x000000070ec00000, 0x000000070ec00000|100%| S|CS|TAMS 0x000000070eb00000, 0x000000070eb00000| Complete 
| 170|0x000000070ec00000, 0x000000070ed00000, 0x000000070ed00000|100%| S|CS|TAMS 0x000000070ec00000, 0x000000070ec00000| Complete 
| 171|0x000000070ed00000, 0x000000070ee00000, 0x000000070ee00000|100%| S|CS|TAMS 0x000000070ed00000, 0x000000070ed00000| Complete 
| 172|0x000000070ee00000, 0x000000070ef00000, 0x000000070ef00000|100%| S|CS|TAMS 0x000000070ee00000, 0x000000070ee00000| Complete 
| 173|0x000000070ef00000, 0x000000070f000000, 0x000000070f000000|100%| S|CS|TAMS 0x000000070ef00000, 0x000000070ef00000| Complete 
| 174|0x000000070f000000, 0x000000070f100000, 0x000000070f100000|100%| S|CS|TAMS 0x000000070f000000, 0x000000070f000000| Complete 
| 175|0x000000070f100000, 0x000000070f200000, 0x000000070f200000|100%| S|CS|TAMS 0x000000070f100000, 0x000000070f100000| Complete 
| 176|0x000000070f200000, 0x000000070f300000, 0x000000070f300000|100%| S|CS|TAMS 0x000000070f200000, 0x000000070f200000| Complete 
| 177|0x000000070f300000, 0x000000070f400000, 0x000000070f400000|100%| S|CS|TAMS 0x000000070f300000, 0x000000070f300000| Complete 
| 178|0x000000070f400000, 0x000000070f500000, 0x000000070f500000|100%| S|CS|TAMS 0x000000070f400000, 0x000000070f400000| Complete 
| 179|0x000000070f500000, 0x000000070f600000, 0x000000070f600000|100%| S|CS|TAMS 0x000000070f500000, 0x000000070f500000| Complete 
| 180|0x000000070f600000, 0x000000070f700000, 0x000000070f700000|100%| S|CS|TAMS 0x000000070f600000, 0x000000070f600000| Complete 
| 181|0x000000070f700000, 0x000000070f700000, 0x000000070f800000|  0%| F|  |TAMS 0x000000070f700000, 0x000000070f700000| Untracked 
| 182|0x000000070f800000, 0x000000070f800000, 0x000000070f900000|  0%| F|  |TAMS 0x000000070f800000, 0x000000070f800000| Untracked 
| 183|0x000000070f900000, 0x000000070f900000, 0x000000070fa00000|  0%| F|  |TAMS 0x000000070f900000, 0x000000070f900000| Untracked 
| 184|0x000000070fa00000, 0x000000070fa00000, 0x000000070fb00000|  0%| F|  |TAMS 0x000000070fa00000, 0x000000070fa00000| Untracked 
| 185|0x000000070fb00000, 0x000000070fb00000, 0x000000070fc00000|  0%| F|  |TAMS 0x000000070fb00000, 0x000000070fb00000| Untracked 
| 186|0x000000070fc00000, 0x000000070fc00000, 0x000000070fd00000|  0%| F|  |TAMS 0x000000070fc00000, 0x000000070fc00000| Untracked 
| 187|0x000000070fd00000, 0x000000070fd00000, 0x000000070fe00000|  0%| F|  |TAMS 0x000000070fd00000, 0x000000070fd00000| Untracked 
| 188|0x000000070fe00000, 0x000000070fe00000, 0x000000070ff00000|  0%| F|  |TAMS 0x000000070fe00000, 0x000000070fe00000| Untracked 
| 189|0x000000070ff00000, 0x000000070ff00000, 0x0000000710000000|  0%| F|  |TAMS 0x000000070ff00000, 0x000000070ff00000| Untracked 
| 190|0x0000000710000000, 0x0000000710000000, 0x0000000710100000|  0%| F|  |TAMS 0x0000000710000000, 0x0000000710000000| Untracked 
| 191|0x0000000710100000, 0x0000000710100000, 0x0000000710200000|  0%| F|  |TAMS 0x0000000710100000, 0x0000000710100000| Untracked 
| 192|0x0000000710200000, 0x0000000710200000, 0x0000000710300000|  0%| F|  |TAMS 0x0000000710200000, 0x0000000710200000| Untracked 
| 193|0x0000000710300000, 0x0000000710300000, 0x0000000710400000|  0%| F|  |TAMS 0x0000000710300000, 0x0000000710300000| Untracked 
| 194|0x0000000710400000, 0x0000000710400000, 0x0000000710500000|  0%| F|  |TAMS 0x0000000710400000, 0x0000000710400000| Untracked 
| 195|0x0000000710500000, 0x0000000710500000, 0x0000000710600000|  0%| F|  |TAMS 0x0000000710500000, 0x0000000710500000| Untracked 
| 196|0x0000000710600000, 0x0000000710600000, 0x0000000710700000|  0%| F|  |TAMS 0x0000000710600000, 0x0000000710600000| Untracked 
| 197|0x0000000710700000, 0x0000000710700000, 0x0000000710800000|  0%| F|  |TAMS 0x0000000710700000, 0x0000000710700000| Untracked 
| 198|0x0000000710800000, 0x0000000710800000, 0x0000000710900000|  0%| F|  |TAMS 0x0000000710800000, 0x0000000710800000| Untracked 
| 199|0x0000000710900000, 0x0000000710900000, 0x0000000710a00000|  0%| F|  |TAMS 0x0000000710900000, 0x0000000710900000| Untracked 
| 200|0x0000000710a00000, 0x0000000710a00000, 0x0000000710b00000|  0%| F|  |TAMS 0x0000000710a00000, 0x0000000710a00000| Untracked 
| 201|0x0000000710b00000, 0x0000000710b00000, 0x0000000710c00000|  0%| F|  |TAMS 0x0000000710b00000, 0x0000000710b00000| Untracked 
| 202|0x0000000710c00000, 0x0000000710c00000, 0x0000000710d00000|  0%| F|  |TAMS 0x0000000710c00000, 0x0000000710c00000| Untracked 
| 203|0x0000000710d00000, 0x0000000710d00000, 0x0000000710e00000|  0%| F|  |TAMS 0x0000000710d00000, 0x0000000710d00000| Untracked 
| 204|0x0000000710e00000, 0x0000000710e00000, 0x0000000710f00000|  0%| F|  |TAMS 0x0000000710e00000, 0x0000000710e00000| Untracked 
| 205|0x0000000710f00000, 0x0000000710f00000, 0x0000000711000000|  0%| F|  |TAMS 0x0000000710f00000, 0x0000000710f00000| Untracked 
| 206|0x0000000711000000, 0x0000000711000000, 0x0000000711100000|  0%| F|  |TAMS 0x0000000711000000, 0x0000000711000000| Untracked 
| 207|0x0000000711100000, 0x0000000711100000, 0x0000000711200000|  0%| F|  |TAMS 0x0000000711100000, 0x0000000711100000| Untracked 
| 208|0x0000000711200000, 0x0000000711200000, 0x0000000711300000|  0%| F|  |TAMS 0x0000000711200000, 0x0000000711200000| Untracked 
| 209|0x0000000711300000, 0x0000000711300000, 0x0000000711400000|  0%| F|  |TAMS 0x0000000711300000, 0x0000000711300000| Untracked 
| 210|0x0000000711400000, 0x0000000711400000, 0x0000000711500000|  0%| F|  |TAMS 0x0000000711400000, 0x0000000711400000| Untracked 
| 211|0x0000000711500000, 0x0000000711500000, 0x0000000711600000|  0%| F|  |TAMS 0x0000000711500000, 0x0000000711500000| Untracked 
| 212|0x0000000711600000, 0x0000000711600000, 0x0000000711700000|  0%| F|  |TAMS 0x0000000711600000, 0x0000000711600000| Untracked 
| 213|0x0000000711700000, 0x0000000711700000, 0x0000000711800000|  0%| F|  |TAMS 0x0000000711700000, 0x0000000711700000| Untracked 
| 214|0x0000000711800000, 0x0000000711800000, 0x0000000711900000|  0%| F|  |TAMS 0x0000000711800000, 0x0000000711800000| Untracked 
| 215|0x0000000711900000, 0x0000000711900000, 0x0000000711a00000|  0%| F|  |TAMS 0x0000000711900000, 0x0000000711900000| Untracked 
| 216|0x0000000711a00000, 0x0000000711a00000, 0x0000000711b00000|  0%| F|  |TAMS 0x0000000711a00000, 0x0000000711a00000| Untracked 
| 217|0x0000000711b00000, 0x0000000711b00000, 0x0000000711c00000|  0%| F|  |TAMS 0x0000000711b00000, 0x0000000711b00000| Untracked 
| 218|0x0000000711c00000, 0x0000000711c00000, 0x0000000711d00000|  0%| F|  |TAMS 0x0000000711c00000, 0x0000000711c00000| Untracked 
| 219|0x0000000711d00000, 0x0000000711d00000, 0x0000000711e00000|  0%| F|  |TAMS 0x0000000711d00000, 0x0000000711d00000| Untracked 
| 220|0x0000000711e00000, 0x0000000711e00000, 0x0000000711f00000|  0%| F|  |TAMS 0x0000000711e00000, 0x0000000711e00000| Untracked 
| 221|0x0000000711f00000, 0x0000000711f00000, 0x0000000712000000|  0%| F|  |TAMS 0x0000000711f00000, 0x0000000711f00000| Untracked 
| 222|0x0000000712000000, 0x0000000712000000, 0x0000000712100000|  0%| F|  |TAMS 0x0000000712000000, 0x0000000712000000| Untracked 
| 223|0x0000000712100000, 0x0000000712100000, 0x0000000712200000|  0%| F|  |TAMS 0x0000000712100000, 0x0000000712100000| Untracked 
| 224|0x0000000712200000, 0x0000000712200000, 0x0000000712300000|  0%| F|  |TAMS 0x0000000712200000, 0x0000000712200000| Untracked 
| 225|0x0000000712300000, 0x0000000712300000, 0x0000000712400000|  0%| F|  |TAMS 0x0000000712300000, 0x0000000712300000| Untracked 
| 226|0x0000000712400000, 0x0000000712400000, 0x0000000712500000|  0%| F|  |TAMS 0x0000000712400000, 0x0000000712400000| Untracked 
| 227|0x0000000712500000, 0x0000000712500000, 0x0000000712600000|  0%| F|  |TAMS 0x0000000712500000, 0x0000000712500000| Untracked 
| 228|0x0000000712600000, 0x0000000712600000, 0x0000000712700000|  0%| F|  |TAMS 0x0000000712600000, 0x0000000712600000| Untracked 
| 229|0x0000000712700000, 0x0000000712700000, 0x0000000712800000|  0%| F|  |TAMS 0x0000000712700000, 0x0000000712700000| Untracked 
| 230|0x0000000712800000, 0x0000000712800000, 0x0000000712900000|  0%| F|  |TAMS 0x0000000712800000, 0x0000000712800000| Untracked 
| 231|0x0000000712900000, 0x0000000712900000, 0x0000000712a00000|  0%| F|  |TAMS 0x0000000712900000, 0x0000000712900000| Untracked 
| 232|0x0000000712a00000, 0x0000000712a00000, 0x0000000712b00000|  0%| F|  |TAMS 0x0000000712a00000, 0x0000000712a00000| Untracked 
| 233|0x0000000712b00000, 0x0000000712b00000, 0x0000000712c00000|  0%| F|  |TAMS 0x0000000712b00000, 0x0000000712b00000| Untracked 
| 234|0x0000000712c00000, 0x0000000712c00000, 0x0000000712d00000|  0%| F|  |TAMS 0x0000000712c00000, 0x0000000712c00000| Untracked 
| 235|0x0000000712d00000, 0x0000000712d00000, 0x0000000712e00000|  0%| F|  |TAMS 0x0000000712d00000, 0x0000000712d00000| Untracked 
| 236|0x0000000712e00000, 0x0000000712e00000, 0x0000000712f00000|  0%| F|  |TAMS 0x0000000712e00000, 0x0000000712e00000| Untracked 
| 237|0x0000000712f00000, 0x0000000712f00000, 0x0000000713000000|  0%| F|  |TAMS 0x0000000712f00000, 0x0000000712f00000| Untracked 
| 238|0x0000000713000000, 0x0000000713000000, 0x0000000713100000|  0%| F|  |TAMS 0x0000000713000000, 0x0000000713000000| Untracked 
| 239|0x0000000713100000, 0x0000000713100000, 0x0000000713200000|  0%| F|  |TAMS 0x0000000713100000, 0x0000000713100000| Untracked 
| 240|0x0000000713200000, 0x0000000713200000, 0x0000000713300000|  0%| F|  |TAMS 0x0000000713200000, 0x0000000713200000| Untracked 
| 241|0x0000000713300000, 0x0000000713300000, 0x0000000713400000|  0%| F|  |TAMS 0x0000000713300000, 0x0000000713300000| Untracked 
| 242|0x0000000713400000, 0x0000000713400000, 0x0000000713500000|  0%| F|  |TAMS 0x0000000713400000, 0x0000000713400000| Untracked 
| 243|0x0000000713500000, 0x0000000713500000, 0x0000000713600000|  0%| F|  |TAMS 0x0000000713500000, 0x0000000713500000| Untracked 
| 244|0x0000000713600000, 0x0000000713600000, 0x0000000713700000|  0%| F|  |TAMS 0x0000000713600000, 0x0000000713600000| Untracked 
| 245|0x0000000713700000, 0x0000000713700000, 0x0000000713800000|  0%| F|  |TAMS 0x0000000713700000, 0x0000000713700000| Untracked 
| 246|0x0000000713800000, 0x0000000713800000, 0x0000000713900000|  0%| F|  |TAMS 0x0000000713800000, 0x0000000713800000| Untracked 
| 247|0x0000000713900000, 0x0000000713900000, 0x0000000713a00000|  0%| F|  |TAMS 0x0000000713900000, 0x0000000713900000| Untracked 
| 248|0x0000000713a00000, 0x0000000713a00000, 0x0000000713b00000|  0%| F|  |TAMS 0x0000000713a00000, 0x0000000713a00000| Untracked 
| 249|0x0000000713b00000, 0x0000000713b00000, 0x0000000713c00000|  0%| F|  |TAMS 0x0000000713b00000, 0x0000000713b00000| Untracked 
| 250|0x0000000713c00000, 0x0000000713c00000, 0x0000000713d00000|  0%| F|  |TAMS 0x0000000713c00000, 0x0000000713c00000| Untracked 
| 251|0x0000000713d00000, 0x0000000713d00000, 0x0000000713e00000|  0%| F|  |TAMS 0x0000000713d00000, 0x0000000713d00000| Untracked 
| 252|0x0000000713e00000, 0x0000000713e00000, 0x0000000713f00000|  0%| F|  |TAMS 0x0000000713e00000, 0x0000000713e00000| Untracked 
| 253|0x0000000713f00000, 0x0000000713f00000, 0x0000000714000000|  0%| F|  |TAMS 0x0000000713f00000, 0x0000000713f00000| Untracked 
| 254|0x0000000714000000, 0x0000000714000000, 0x0000000714100000|  0%| F|  |TAMS 0x0000000714000000, 0x0000000714000000| Untracked 
| 255|0x0000000714100000, 0x0000000714100000, 0x0000000714200000|  0%| F|  |TAMS 0x0000000714100000, 0x0000000714100000| Untracked 
| 256|0x0000000714200000, 0x0000000714200000, 0x0000000714300000|  0%| F|  |TAMS 0x0000000714200000, 0x0000000714200000| Untracked 
| 257|0x0000000714300000, 0x0000000714300000, 0x0000000714400000|  0%| F|  |TAMS 0x0000000714300000, 0x0000000714300000| Untracked 
| 258|0x0000000714400000, 0x0000000714400000, 0x0000000714500000|  0%| F|  |TAMS 0x0000000714400000, 0x0000000714400000| Untracked 
| 259|0x0000000714500000, 0x0000000714500000, 0x0000000714600000|  0%| F|  |TAMS 0x0000000714500000, 0x0000000714500000| Untracked 
| 260|0x0000000714600000, 0x0000000714600000, 0x0000000714700000|  0%| F|  |TAMS 0x0000000714600000, 0x0000000714600000| Untracked 
| 261|0x0000000714700000, 0x0000000714700000, 0x0000000714800000|  0%| F|  |TAMS 0x0000000714700000, 0x0000000714700000| Untracked 
| 262|0x0000000714800000, 0x0000000714800000, 0x0000000714900000|  0%| F|  |TAMS 0x0000000714800000, 0x0000000714800000| Untracked 
| 263|0x0000000714900000, 0x0000000714900000, 0x0000000714a00000|  0%| F|  |TAMS 0x0000000714900000, 0x0000000714900000| Untracked 
| 264|0x0000000714a00000, 0x0000000714a00000, 0x0000000714b00000|  0%| F|  |TAMS 0x0000000714a00000, 0x0000000714a00000| Untracked 
| 265|0x0000000714b00000, 0x0000000714b00000, 0x0000000714c00000|  0%| F|  |TAMS 0x0000000714b00000, 0x0000000714b00000| Untracked 
| 266|0x0000000714c00000, 0x0000000714c00000, 0x0000000714d00000|  0%| F|  |TAMS 0x0000000714c00000, 0x0000000714c00000| Untracked 
| 267|0x0000000714d00000, 0x0000000714d00000, 0x0000000714e00000|  0%| F|  |TAMS 0x0000000714d00000, 0x0000000714d00000| Untracked 
| 268|0x0000000714e00000, 0x0000000714e00000, 0x0000000714f00000|  0%| F|  |TAMS 0x0000000714e00000, 0x0000000714e00000| Untracked 
| 269|0x0000000714f00000, 0x0000000714f00000, 0x0000000715000000|  0%| F|  |TAMS 0x0000000714f00000, 0x0000000714f00000| Untracked 
| 270|0x0000000715000000, 0x0000000715000000, 0x0000000715100000|  0%| F|  |TAMS 0x0000000715000000, 0x0000000715000000| Untracked 
| 271|0x0000000715100000, 0x0000000715100000, 0x0000000715200000|  0%| F|  |TAMS 0x0000000715100000, 0x0000000715100000| Untracked 
| 272|0x0000000715200000, 0x0000000715200000, 0x0000000715300000|  0%| F|  |TAMS 0x0000000715200000, 0x0000000715200000| Untracked 
| 273|0x0000000715300000, 0x0000000715300000, 0x0000000715400000|  0%| F|  |TAMS 0x0000000715300000, 0x0000000715300000| Untracked 
| 274|0x0000000715400000, 0x0000000715400000, 0x0000000715500000|  0%| F|  |TAMS 0x0000000715400000, 0x0000000715400000| Untracked 
| 275|0x0000000715500000, 0x0000000715500000, 0x0000000715600000|  0%| F|  |TAMS 0x0000000715500000, 0x0000000715500000| Untracked 
| 276|0x0000000715600000, 0x0000000715600000, 0x0000000715700000|  0%| F|  |TAMS 0x0000000715600000, 0x0000000715600000| Untracked 
| 277|0x0000000715700000, 0x0000000715700000, 0x0000000715800000|  0%| F|  |TAMS 0x0000000715700000, 0x0000000715700000| Untracked 
| 278|0x0000000715800000, 0x0000000715800000, 0x0000000715900000|  0%| F|  |TAMS 0x0000000715800000, 0x0000000715800000| Untracked 
| 279|0x0000000715900000, 0x0000000715900000, 0x0000000715a00000|  0%| F|  |TAMS 0x0000000715900000, 0x0000000715900000| Untracked 
| 280|0x0000000715a00000, 0x0000000715a00000, 0x0000000715b00000|  0%| F|  |TAMS 0x0000000715a00000, 0x0000000715a00000| Untracked 
| 281|0x0000000715b00000, 0x0000000715b00000, 0x0000000715c00000|  0%| F|  |TAMS 0x0000000715b00000, 0x0000000715b00000| Untracked 
| 282|0x0000000715c00000, 0x0000000715c00000, 0x0000000715d00000|  0%| F|  |TAMS 0x0000000715c00000, 0x0000000715c00000| Untracked 
| 283|0x0000000715d00000, 0x0000000715d00000, 0x0000000715e00000|  0%| F|  |TAMS 0x0000000715d00000, 0x0000000715d00000| Untracked 
| 284|0x0000000715e00000, 0x0000000715e00000, 0x0000000715f00000|  0%| F|  |TAMS 0x0000000715e00000, 0x0000000715e00000| Untracked 
| 285|0x0000000715f00000, 0x0000000715f00000, 0x0000000716000000|  0%| F|  |TAMS 0x0000000715f00000, 0x0000000715f00000| Untracked 
| 286|0x0000000716000000, 0x0000000716000000, 0x0000000716100000|  0%| F|  |TAMS 0x0000000716000000, 0x0000000716000000| Untracked 
| 287|0x0000000716100000, 0x0000000716100000, 0x0000000716200000|  0%| F|  |TAMS 0x0000000716100000, 0x0000000716100000| Untracked 
| 288|0x0000000716200000, 0x0000000716200000, 0x0000000716300000|  0%| F|  |TAMS 0x0000000716200000, 0x0000000716200000| Untracked 
| 289|0x0000000716300000, 0x0000000716300000, 0x0000000716400000|  0%| F|  |TAMS 0x0000000716300000, 0x0000000716300000| Untracked 
| 290|0x0000000716400000, 0x0000000716400000, 0x0000000716500000|  0%| F|  |TAMS 0x0000000716400000, 0x0000000716400000| Untracked 
| 291|0x0000000716500000, 0x0000000716500000, 0x0000000716600000|  0%| F|  |TAMS 0x0000000716500000, 0x0000000716500000| Untracked 
| 292|0x0000000716600000, 0x0000000716600000, 0x0000000716700000|  0%| F|  |TAMS 0x0000000716600000, 0x0000000716600000| Untracked 
| 293|0x0000000716700000, 0x0000000716700000, 0x0000000716800000|  0%| F|  |TAMS 0x0000000716700000, 0x0000000716700000| Untracked 
| 294|0x0000000716800000, 0x0000000716800000, 0x0000000716900000|  0%| F|  |TAMS 0x0000000716800000, 0x0000000716800000| Untracked 
| 295|0x0000000716900000, 0x0000000716900000, 0x0000000716a00000|  0%| F|  |TAMS 0x0000000716900000, 0x0000000716900000| Untracked 
| 296|0x0000000716a00000, 0x0000000716a00000, 0x0000000716b00000|  0%| F|  |TAMS 0x0000000716a00000, 0x0000000716a00000| Untracked 
| 297|0x0000000716b00000, 0x0000000716b00000, 0x0000000716c00000|  0%| F|  |TAMS 0x0000000716b00000, 0x0000000716b00000| Untracked 
| 298|0x0000000716c00000, 0x0000000716d00000, 0x0000000716d00000|100%| E|  |TAMS 0x0000000716c00000, 0x0000000716c00000| Complete 
| 299|0x0000000716d00000, 0x0000000716e00000, 0x0000000716e00000|100%| E|CS|TAMS 0x0000000716d00000, 0x0000000716d00000| Complete 
| 300|0x0000000716e00000, 0x0000000716f00000, 0x0000000716f00000|100%| E|CS|TAMS 0x0000000716e00000, 0x0000000716e00000| Complete 
| 301|0x0000000716f00000, 0x0000000717000000, 0x0000000717000000|100%| E|CS|TAMS 0x0000000716f00000, 0x0000000716f00000| Complete 
| 302|0x0000000717000000, 0x0000000717100000, 0x0000000717100000|100%| E|CS|TAMS 0x0000000717000000, 0x0000000717000000| Complete 

Card table byte_map: [0x0000025aa7e90000,0x0000025aa8670000] _byte_map_base: 0x0000025aa466f000

Marking Bits (Prev, Next): (CMBitMap*) 0x0000025a8fcf78a0, (CMBitMap*) 0x0000025a8fcf7868
 Prev Bits: [0x0000025aacd50000, 0x0000025ab0c48000)
 Next Bits: [0x0000025aa8e50000, 0x0000025aacd48000)

Polling page: 0x0000025a8dc30000

Metaspace:

Usage:
  Non-class:     51.22 MB capacity,    50.33 MB ( 98%) used,   714.38 KB (  1%) free+waste,   192.19 KB ( <1%) overhead. 
      Class:      7.89 MB capacity,     7.30 MB ( 93%) used,   511.78 KB (  6%) free+waste,    90.56 KB (  1%) overhead. 
       Both:     59.11 MB capacity,    57.63 MB ( 98%) used,     1.20 MB (  2%) free+waste,   282.75 KB ( <1%) overhead. 

Virtual space:
  Non-class space:       52.00 MB reserved,      51.38 MB ( 99%) committed 
      Class space:        1.00 GB reserved,       8.00 MB ( <1%) committed 
             Both:        1.05 GB reserved,      59.38 MB (  6%) committed 

Chunk freelists:
   Non-Class:  34.00 KB
       Class:  0 bytes
        Both:  34.00 KB

MaxMetaspaceSize: 17179869184.00 GB
CompressedClassSpaceSize: 1.00 GB

CodeHeap 'non-profiled nmethods': size=120000Kb used=3041Kb max_used=3041Kb free=116958Kb
 bounds [0x0000025a9fe50000, 0x0000025aa0150000, 0x0000025aa7380000]
CodeHeap 'profiled nmethods': size=120000Kb used=10993Kb max_used=10993Kb free=109006Kb
 bounds [0x0000025a98920000, 0x0000025a993e0000, 0x0000025a9fe50000]
CodeHeap 'non-nmethods': size=5760Kb used=1200Kb max_used=1240Kb free=4559Kb
 bounds [0x0000025a98380000, 0x0000025a985f0000, 0x0000025a98920000]
 total_blobs=5528 nmethods=4996 adapters=443
 compilation: enabled
              stopped_count=0, restarted_count=0
 full_count=0

Compilation events (20 events):
Event: 7.211 Thread 0x0000025ab40e3000 5031       2       org.springframework.aop.support.AopUtils::canApply (49 bytes)
Event: 7.211 Thread 0x0000025ab40e3000 nmethod 5031 0x0000025a993da410 code [0x0000025a993da600, 0x0000025a993da918]
Event: 7.211 Thread 0x0000025ab40e3000 5032       1       org.springframework.context.annotation.CommonAnnotationBeanPostProcessor::postProcessBeforeInstantiation (2 bytes)
Event: 7.211 Thread 0x0000025ab40e3000 nmethod 5032 0x0000025aa0147990 code [0x0000025aa0147b40, 0x0000025aa0147bf8]
Event: 7.212 Thread 0x0000025ab40e3000 5034       1       org.springframework.context.annotation.CommonAnnotationBeanPostProcessor::postProcessAfterInstantiation (2 bytes)
Event: 7.212 Thread 0x0000025ab40e3000 nmethod 5034 0x0000025aa0147c90 code [0x0000025aa0147e40, 0x0000025aa0147ef8]
Event: 7.212 Thread 0x0000025ab40e3000 5035       1       org.springframework.dao.annotation.PersistenceExceptionTranslationAdvisor::getPointcut (5 bytes)
Event: 7.212 Thread 0x0000025ab40e3000 nmethod 5035 0x0000025aa0147f90 code [0x0000025aa0148140, 0x0000025aa01481f8]
Event: 7.212 Thread 0x0000025ab40e3000 5036       1       org.springframework.aop.support.annotation.AnnotationMatchingPointcut::getClassFilter (5 bytes)
Event: 7.212 Thread 0x0000025ab40e3000 nmethod 5036 0x0000025aa0148290 code [0x0000025aa0148440, 0x0000025aa01484f8]
Event: 7.213 Thread 0x0000025ab40e3000 5037       2       java.util.concurrent.ConcurrentHashMap::forEach (65 bytes)
Event: 7.213 Thread 0x0000025ab40e3000 nmethod 5037 0x0000025a993daa90 code [0x0000025a993dac80, 0x0000025a993dafb8]
Event: 7.213 Thread 0x0000025ab40e3000 5038       2       org.springframework.core.SimpleAliasRegistry::retrieveAliases (18 bytes)
Event: 7.214 Thread 0x0000025ab40e3000 nmethod 5038 0x0000025a993db190 code [0x0000025a993db360, 0x0000025a993db628]
Event: 7.214 Thread 0x0000025ab40e3000 5039       2       org.springframework.core.SimpleAliasRegistry$$Lambda$474/0x00000008003cac40::get$Lambda (11 bytes)
Event: 7.214 Thread 0x0000025ab40e3000 nmethod 5039 0x0000025a993db710 code [0x0000025a993db8c0, 0x0000025a993dbb38]
Event: 7.221 Thread 0x0000025ab40e3000 5040   !   2       com.sun.proxy.$Proxy96::annotationType (29 bytes)
Event: 7.221 Thread 0x0000025ab40e3000 nmethod 5040 0x0000025a993dbc10 code [0x0000025a993dbde0, 0x0000025a993dc058]
Event: 7.221 Thread 0x0000025ab40e3000 5041       2       org.springframework.core.MethodParameter::getParameterType (48 bytes)
Event: 7.221 Thread 0x0000025ab40e3000 nmethod 5041 0x0000025a993dc210 code [0x0000025a993dc400, 0x0000025a993dc678]

GC Heap History (14 events):
Event: 0.719 GC heap before
{Heap before GC invocations=0 (full 0):
 garbage-first heap   total 258048K, used 25600K [0x0000000704200000, 0x0000000800000000)
  region size 1024K, 24 young (24576K), 0 survivors (0K)
 Metaspace       used 11720K, capacity 11919K, committed 12032K, reserved 1060864K
  class space    used 1137K, capacity 1187K, committed 1280K, reserved 1048576K
}
Event: 0.724 GC heap after
{Heap after GC invocations=1 (full 0):
 garbage-first heap   total 258048K, used 6395K [0x0000000704200000, 0x0000000800000000)
  region size 1024K, 3 young (3072K), 3 survivors (3072K)
 Metaspace       used 11720K, capacity 11919K, committed 12032K, reserved 1060864K
  class space    used 1137K, capacity 1187K, committed 1280K, reserved 1048576K
}
Event: 0.998 GC heap before
{Heap before GC invocations=1 (full 0):
 garbage-first heap   total 258048K, used 55547K [0x0000000704200000, 0x0000000800000000)
  region size 1024K, 52 young (53248K), 3 survivors (3072K)
 Metaspace       used 14795K, capacity 15080K, committed 15232K, reserved 1062912K
  class space    used 1501K, capacity 1631K, committed 1664K, reserved 1048576K
}
Event: 1.001 GC heap after
{Heap after GC invocations=2 (full 0):
 garbage-first heap   total 258048K, used 7418K [0x0000000704200000, 0x0000000800000000)
  region size 1024K, 4 young (4096K), 4 survivors (4096K)
 Metaspace       used 14795K, capacity 15080K, committed 15232K, reserved 1062912K
  class space    used 1501K, capacity 1631K, committed 1664K, reserved 1048576K
}
Event: 1.476 GC heap before
{Heap before GC invocations=2 (full 0):
 garbage-first heap   total 258048K, used 36090K [0x0000000704200000, 0x0000000800000000)
  region size 1024K, 33 young (33792K), 4 survivors (4096K)
 Metaspace       used 20673K, capacity 21122K, committed 21248K, reserved 1069056K
  class space    used 2253K, capacity 2463K, committed 2560K, reserved 1048576K
}
Event: 1.483 GC heap after
{Heap after GC invocations=3 (full 0):
 garbage-first heap   total 258048K, used 8891K [0x0000000704200000, 0x0000000800000000)
  region size 1024K, 6 young (6144K), 6 survivors (6144K)
 Metaspace       used 20673K, capacity 21122K, committed 21248K, reserved 1069056K
  class space    used 2253K, capacity 2463K, committed 2560K, reserved 1048576K
}
Event: 1.873 GC heap before
{Heap before GC invocations=4 (full 0):
 garbage-first heap   total 258048K, used 70331K [0x0000000704200000, 0x0000000800000000)
  region size 1024K, 67 young (68608K), 6 survivors (6144K)
 Metaspace       used 25379K, capacity 25946K, committed 26240K, reserved 1073152K
  class space    used 2855K, capacity 3091K, committed 3200K, reserved 1048576K
}
Event: 1.879 GC heap after
{Heap after GC invocations=5 (full 0):
 garbage-first heap   total 258048K, used 10160K [0x0000000704200000, 0x0000000800000000)
  region size 1024K, 4 young (4096K), 4 survivors (4096K)
 Metaspace       used 25379K, capacity 25946K, committed 26240K, reserved 1073152K
  class space    used 2855K, capacity 3091K, committed 3200K, reserved 1048576K
}
Event: 3.648 GC heap before
{Heap before GC invocations=5 (full 0):
 garbage-first heap   total 258048K, used 91056K [0x0000000704200000, 0x0000000800000000)
  region size 1024K, 84 young (86016K), 4 survivors (4096K)
 Metaspace       used 34592K, capacity 35671K, committed 35840K, reserved 1081344K
  class space    used 4068K, capacity 4499K, committed 4608K, reserved 1048576K
}
Event: 3.663 GC heap after
{Heap after GC invocations=6 (full 0):
 garbage-first heap   total 258048K, used 14316K [0x0000000704200000, 0x0000000800000000)
  region size 1024K, 8 young (8192K), 8 survivors (8192K)
 Metaspace       used 34592K, capacity 35671K, committed 35840K, reserved 1081344K
  class space    used 4068K, capacity 4499K, committed 4608K, reserved 1048576K
}
Event: 4.355 GC heap before
{Heap before GC invocations=7 (full 0):
 garbage-first heap   total 258048K, used 131052K [0x0000000704200000, 0x0000000800000000)
  region size 1024K, 123 young (125952K), 8 survivors (8192K)
 Metaspace       used 40031K, capacity 41177K, committed 41472K, reserved 1085440K
  class space    used 4808K, capacity 5310K, committed 5376K, reserved 1048576K
}
Event: 4.364 GC heap after
{Heap after GC invocations=8 (full 0):
 garbage-first heap   total 310272K, used 15913K [0x0000000704200000, 0x0000000800000000)
  region size 1024K, 10 young (10240K), 10 survivors (10240K)
 Metaspace       used 40031K, capacity 41177K, committed 41472K, reserved 1085440K
  class space    used 4808K, capacity 5310K, committed 5376K, reserved 1048576K
}
Event: 7.041 GC heap before
{Heap before GC invocations=8 (full 0):
 garbage-first heap   total 310272K, used 139817K [0x0000000704200000, 0x0000000800000000)
  region size 1024K, 132 young (135168K), 10 survivors (10240K)
 Metaspace       used 58585K, capacity 60066K, committed 60160K, reserved 1101824K
  class space    used 7397K, capacity 7991K, committed 8064K, reserved 1048576K
}
Event: 7.079 GC heap after
{Heap after GC invocations=9 (full 0):
 garbage-first heap   total 310272K, used 22364K [0x0000000704200000, 0x0000000800000000)
  region size 1024K, 16 young (16384K), 16 survivors (16384K)
 Metaspace       used 58585K, capacity 60066K, committed 60160K, reserved 1101824K
  class space    used 7397K, capacity 7991K, committed 8064K, reserved 1048576K
}

Deoptimization events (20 events):
Event: 6.963 Thread 0x0000025ab52c7000 Uncommon trap: trap_request=0xffffff4d fr.pc=0x0000025aa000f274 relative=0x0000000000001394
Event: 6.963 Thread 0x0000025ab52c7000 Uncommon trap: reason=unstable_if action=reinterpret pc=0x0000025aa000f274 method=java.util.concurrent.ConcurrentHashMap.putVal(Ljava/lang/Object;Ljava/lang/Object;Z)Ljava/lang/Object; @ 401 c2
Event: 6.963 Thread 0x0000025ab52c7000 DEOPT PACKING pc=0x0000025aa000f274 sp=0x0000008c23ef9e00
Event: 6.963 Thread 0x0000025ab52c7000 DEOPT UNPACKING pc=0x0000025a983883af sp=0x0000008c23ef9d90 mode 2
Event: 6.964 Thread 0x0000025ab52c7000 Uncommon trap: trap_request=0xffffff4d fr.pc=0x0000025aa001c204 relative=0x0000000000000244
Event: 6.964 Thread 0x0000025ab52c7000 Uncommon trap: reason=unstable_if action=reinterpret pc=0x0000025aa001c204 method=java.util.concurrent.ConcurrentHashMap.get(Ljava/lang/Object;)Ljava/lang/Object; @ 86 c2
Event: 6.964 Thread 0x0000025ab52c7000 DEOPT PACKING pc=0x0000025aa001c204 sp=0x0000008c23ef9ea0
Event: 6.964 Thread 0x0000025ab52c7000 DEOPT UNPACKING pc=0x0000025a983883af sp=0x0000008c23ef9e08 mode 2
Event: 7.185 Thread 0x0000025ab52c7000 Uncommon trap: trap_request=0xffffff4d fr.pc=0x0000025aa0111848 relative=0x0000000000000948
Event: 7.185 Thread 0x0000025ab52c7000 Uncommon trap: reason=unstable_if action=reinterpret pc=0x0000025aa0111848 method=org.springframework.core.annotation.AnnotationsScanner.isWithoutHierarchy(Ljava/lang/reflect/AnnotatedElement;Lorg/springframework/core/annotation/MergedAnnotations$SearchSt
Event: 7.185 Thread 0x0000025ab52c7000 DEOPT PACKING pc=0x0000025aa0111848 sp=0x0000008c23efd6e0
Event: 7.185 Thread 0x0000025ab52c7000 DEOPT UNPACKING pc=0x0000025a983883af sp=0x0000008c23efd638 mode 2
Event: 7.205 Thread 0x0000025ab52c7000 Uncommon trap: trap_request=0xffffff4d fr.pc=0x0000025a9ff02650 relative=0x0000000000001350
Event: 7.205 Thread 0x0000025ab52c7000 Uncommon trap: reason=unstable_if action=reinterpret pc=0x0000025a9ff02650 method=java.util.concurrent.ConcurrentHashMap.transfer([Ljava/util/concurrent/ConcurrentHashMap$Node;[Ljava/util/concurrent/ConcurrentHashMap$Node;)V @ 352 c2
Event: 7.205 Thread 0x0000025ab52c7000 DEOPT PACKING pc=0x0000025a9ff02650 sp=0x0000008c23efd880
Event: 7.205 Thread 0x0000025ab52c7000 DEOPT UNPACKING pc=0x0000025a983883af sp=0x0000008c23efd818 mode 2
Event: 7.206 Thread 0x0000025ab52c7000 Uncommon trap: trap_request=0xffffff4d fr.pc=0x0000025a9feeea6c relative=0x000000000000110c
Event: 7.206 Thread 0x0000025ab52c7000 Uncommon trap: reason=unstable_if action=reinterpret pc=0x0000025a9feeea6c method=java.util.concurrent.ConcurrentHashMap.transfer([Ljava/util/concurrent/ConcurrentHashMap$Node;[Ljava/util/concurrent/ConcurrentHashMap$Node;)V @ 352 c2
Event: 7.206 Thread 0x0000025ab52c7000 DEOPT PACKING pc=0x0000025a9feeea6c sp=0x0000008c23efd8a0
Event: 7.206 Thread 0x0000025ab52c7000 DEOPT UNPACKING pc=0x0000025a983883af sp=0x0000008c23efd818 mode 2

Classes redefined (0 events):
No events

Internal exceptions (20 events):
Event: 6.590 Thread 0x0000025ab52c7000 Exception <a 'java/lang/ClassNotFoundException'{0x00000007110a6018}: com/jwelzbacher/swisstournament/models/UserCustomizer> (0x00000007110a6018) thrown at [./src/hotspot/share/classfile/systemDictionary.cpp, line 231]
Event: 6.675 Thread 0x0000025ab52c7000 Exception <a 'java/lang/reflect/InvocationTargetException'{0x000000071089f960}> (0x000000071089f960) thrown at [./src/hotspot/share/runtime/reflection.cpp, line 1247]
Event: 6.695 Thread 0x0000025ab52c7000 Exception <a 'java/lang/NoSuchMethodError'{0x000000071073d580}: 'java.lang.Object java.lang.invoke.DirectMethodHandle$Holder.invokeStatic(java.lang.Object, java.lang.Object, int, java.lang.Object)'> (0x000000071073d580) thrown at [./src/hotspot/share/interpreter/linkResolver.cpp, line 773]
Event: 6.695 Thread 0x0000025ab52c7000 Exception <a 'java/lang/NoSuchMethodError'{0x0000000710744258}: 'java.lang.Object java.lang.invoke.Invokers$Holder.linkToTargetMethod(java.lang.Object, int, java.lang.Object)'> (0x0000000710744258) thrown at [./src/hotspot/share/interpreter/linkResolver.cpp, line 773]
Event: 6.702 Thread 0x0000025ab52c7000 Exception <a 'java/lang/IncompatibleClassChangeError'{0x000000071077e618}: Found class java.lang.Object, but interface was expected> (0x000000071077e618) thrown at [./src/hotspot/share/interpreter/linkResolver.cpp, line 839]
Event: 6.762 Thread 0x0000025ab52c7000 Exception <a 'java/lang/reflect/InvocationTargetException'{0x00000007105e5920}> (0x00000007105e5920) thrown at [./src/hotspot/share/runtime/reflection.cpp, line 1247]
Event: 6.764 Thread 0x0000025ab52c7000 Exception <a 'java/lang/reflect/InvocationTargetException'{0x00000007105ef4e8}> (0x00000007105ef4e8) thrown at [./src/hotspot/share/runtime/reflection.cpp, line 1247]
Event: 6.830 Thread 0x0000025ab52c7000 Exception <a 'java/lang/ClassNotFoundException'{0x00000007102dd260}: java/lang/ObjectCustomizer> (0x00000007102dd260) thrown at [./src/hotspot/share/classfile/systemDictionary.cpp, line 231]
Event: 6.830 Thread 0x0000025ab52c7000 Exception <a 'java/lang/ClassNotFoundException'{0x00000007102f01c0}: org/springframework/web/servlet/config/annotation/WebMvcConfigurationSupportCustomizer> (0x00000007102f01c0) thrown at [./src/hotspot/share/classfile/systemDictionary.cpp, line 231]
Event: 6.832 Thread 0x0000025ab52c7000 Exception <a 'java/lang/ClassNotFoundException'{0x000000071010fb38}: org/springframework/web/servlet/config/annotation/DelegatingWebMvcConfigurationCustomizer> (0x000000071010fb38) thrown at [./src/hotspot/share/classfile/systemDictionary.cpp, line 231]
Event: 6.833 Thread 0x0000025ab52c7000 Exception <a 'java/lang/ClassNotFoundException'{0x0000000710126570}: org/springframework/boot/autoconfigure/web/servlet/WebMvcAutoConfiguration$EnableWebMvcConfigurationCustomizer> (0x0000000710126570) thrown at [./src/hotspot/share/classfile/systemDictionary.cpp, line 231]
Event: 6.834 Thread 0x0000025ab52c7000 Exception <a 'java/lang/ClassNotFoundException'{0x0000000710142458}: org/springframework/context/ResourceLoaderAwareCustomizer> (0x0000000710142458) thrown at [./src/hotspot/share/classfile/systemDictionary.cpp, line 231]
Event: 6.834 Thread 0x0000025ab52c7000 Exception <a 'java/lang/ClassNotFoundException'{0x000000071014eed0}: org/springframework/beans/factory/AwareCustomizer> (0x000000071014eed0) thrown at [./src/hotspot/share/classfile/systemDictionary.cpp, line 231]
Event: 6.834 Thread 0x0000025ab52c7000 Exception <a 'java/lang/ClassNotFoundException'{0x000000071015c250}: org/springframework/context/ApplicationContextAwareCustomizer> (0x000000071015c250) thrown at [./src/hotspot/share/classfile/systemDictionary.cpp, line 231]
Event: 6.835 Thread 0x0000025ab52c7000 Exception <a 'java/lang/ClassNotFoundException'{0x0000000710169658}: org/springframework/beans/factory/AwareCustomizer> (0x0000000710169658) thrown at [./src/hotspot/share/classfile/systemDictionary.cpp, line 231]
Event: 6.835 Thread 0x0000025ab52c7000 Exception <a 'java/lang/ClassNotFoundException'{0x00000007101769b0}: org/springframework/web/context/ServletContextAwareCustomizer> (0x00000007101769b0) thrown at [./src/hotspot/share/classfile/systemDictionary.cpp, line 231]
Event: 6.836 Thread 0x0000025ab52c7000 Exception <a 'java/lang/ClassNotFoundException'{0x0000000710183ae8}: org/springframework/beans/factory/AwareCustomizer> (0x0000000710183ae8) thrown at [./src/hotspot/share/classfile/systemDictionary.cpp, line 231]
Event: 6.993 Thread 0x0000025ab52c7000 Exception <a 'java/lang/NoSuchMethodError'{0x000000070f96fb28}: 'void java.lang.invoke.DirectMethodHandle$Holder.invokeVirtual(java.lang.Object, java.lang.Object, int)'> (0x000000070f96fb28) thrown at [./src/hotspot/share/interpreter/linkResolver.cpp, line 773]
Event: 6.995 Thread 0x0000025ab52c7000 Exception <a 'java/lang/NoSuchMethodError'{0x000000070f989c48}: 'void java.lang.invoke.DirectMethodHandle$Holder.invokeVirtual(java.lang.Object, java.lang.Object, long)'> (0x000000070f989c48) thrown at [./src/hotspot/share/interpreter/linkResolver.cpp, line 773]
Event: 7.219 Thread 0x0000025ab52c7000 Exception <a 'java/lang/IncompatibleClassChangeError'{0x0000000716cb1898}: Found class java.lang.Object, but interface was expected> (0x0000000716cb1898) thrown at [./src/hotspot/share/interpreter/linkResolver.cpp, line 839]

Events (20 events):
Event: 7.205 Executing VM operation: RevokeBias
Event: 7.205 Executing VM operation: RevokeBias done
Event: 7.206 Executing VM operation: RevokeBias
Event: 7.206 Executing VM operation: RevokeBias done
Event: 7.215 loading class org/springframework/web/servlet/function/RouterFunction
Event: 7.215 loading class org/springframework/web/servlet/function/RouterFunction done
Event: 7.217 loading class org/springframework/web/servlet/function/ServerRequest
Event: 7.217 loading class org/springframework/web/servlet/function/ServerRequest done
Event: 7.218 loading class org/springframework/web/servlet/function/HandlerFunction
Event: 7.218 loading class org/springframework/web/servlet/function/HandlerFunction done
Event: 7.219 loading class org/springframework/web/servlet/function/RouterFunction
Event: 7.219 loading class org/springframework/web/servlet/function/RouterFunction done
Event: 7.219 loading class org/springframework/web/servlet/function/RouterFunction
Event: 7.219 loading class org/springframework/web/servlet/function/RouterFunction done
Event: 7.221 loading class org/springframework/web/servlet/config/annotation/ResourceHandlerRegistration
Event: 7.221 loading class org/springframework/web/servlet/config/annotation/ResourceHandlerRegistration done
Event: 7.221 loading class org/springframework/web/servlet/config/annotation/ResourceHandlerRegistration
Event: 7.221 loading class org/springframework/web/servlet/config/annotation/ResourceHandlerRegistration done
Event: 7.222 loading class org/springframework/boot/autoconfigure/web/WebProperties$Resources$Cache$Cachecontrol
Event: 7.222 loading class org/springframework/boot/autoconfigure/web/WebProperties$Resources$Cache$Cachecontrol done


Dynamic libraries:
0x00007ff6175c0000 - 0x00007ff6175cd000 	C:\Program Files\OpenJDK\jdk-11.0.10+9\bin\java.exe
0x00007ffa59110000 - 0x00007ffa59305000 	C:\WINDOWS\SYSTEM32\ntdll.dll
0x00007ffa57370000 - 0x00007ffa5742e000 	C:\WINDOWS\System32\KERNEL32.DLL
0x00007ffa56d80000 - 0x00007ffa57049000 	C:\WINDOWS\System32\KERNELBASE.dll
0x00007ffa56c80000 - 0x00007ffa56d80000 	C:\WINDOWS\System32\ucrtbase.dll
0x00007ffa4beb0000 - 0x00007ffa4bec7000 	C:\Program Files\OpenJDK\jdk-11.0.10+9\bin\jli.dll
0x00007ffa4be90000 - 0x00007ffa4bea5000 	C:\Program Files\OpenJDK\jdk-11.0.10+9\bin\VCRUNTIME140.dll
0x00007ffa571c0000 - 0x00007ffa57361000 	C:\WINDOWS\System32\USER32.dll
0x00007ffa56a80000 - 0x00007ffa56aa2000 	C:\WINDOWS\System32\win32u.dll
0x00007ffa359e0000 - 0x00007ffa35c7a000 	C:\WINDOWS\WinSxS\amd64_microsoft.windows.common-controls_6595b64144ccf1df_6.0.19041.1110_none_60b5254171f9507e\COMCTL32.dll
0x00007ffa58340000 - 0x00007ffa5836b000 	C:\WINDOWS\System32\GDI32.dll
0x00007ffa58700000 - 0x00007ffa5879e000 	C:\WINDOWS\System32\msvcrt.dll
0x00007ffa57050000 - 0x00007ffa5715b000 	C:\WINDOWS\System32\gdi32full.dll
0x00007ffa56b00000 - 0x00007ffa56b9d000 	C:\WINDOWS\System32\msvcp_win.dll
0x00007ffa583e0000 - 0x00007ffa58410000 	C:\WINDOWS\System32\IMM32.DLL
0x00007ffa29bb0000 - 0x00007ffa29c4b000 	C:\Program Files\OpenJDK\jdk-11.0.10+9\bin\msvcp140.dll
0x00007ff9f0360000 - 0x00007ff9f0ea3000 	C:\Program Files\OpenJDK\jdk-11.0.10+9\bin\server\jvm.dll
0x00007ffa58590000 - 0x00007ffa5863c000 	C:\WINDOWS\System32\ADVAPI32.dll
0x00007ffa58a20000 - 0x00007ffa58abb000 	C:\WINDOWS\System32\sechost.dll
0x00007ffa58f40000 - 0x00007ffa5906a000 	C:\WINDOWS\System32\RPCRT4.dll
0x00007ffa58200000 - 0x00007ffa58208000 	C:\WINDOWS\System32\PSAPI.DLL
0x00007ffa35730000 - 0x00007ffa35739000 	C:\WINDOWS\SYSTEM32\WSOCK32.dll
0x00007ffa58370000 - 0x00007ffa583db000 	C:\WINDOWS\System32\WS2_32.dll
0x00007ffa36e10000 - 0x00007ffa36e37000 	C:\WINDOWS\SYSTEM32\WINMM.dll
0x00007ffa43d80000 - 0x00007ffa43d8a000 	C:\WINDOWS\SYSTEM32\VERSION.dll
0x00007ffa550b0000 - 0x00007ffa550c2000 	C:\WINDOWS\SYSTEM32\kernel.appcore.dll
0x00007ffa4e1a0000 - 0x00007ffa4e1b0000 	C:\Program Files\OpenJDK\jdk-11.0.10+9\bin\verify.dll
0x00007ffa53cf0000 - 0x00007ffa53ed4000 	C:\WINDOWS\SYSTEM32\DBGHELP.DLL
0x00007ffa29cd0000 - 0x00007ffa29cfc000 	C:\WINDOWS\SYSTEM32\dbgcore.DLL
0x00007ffa56830000 - 0x00007ffa568b3000 	C:\WINDOWS\System32\bcryptPrimitives.dll
0x00007ffa4be60000 - 0x00007ffa4be88000 	C:\Program Files\OpenJDK\jdk-11.0.10+9\bin\java.dll
0x00007ffa4c650000 - 0x00007ffa4c65a000 	C:\Program Files\OpenJDK\jdk-11.0.10+9\bin\jimage.dll
0x00007ffa4c580000 - 0x00007ffa4c58e000 	C:\Program Files\OpenJDK\jdk-11.0.10+9\bin\instrument.dll
0x00007ffa4bcd0000 - 0x00007ffa4bce7000 	C:\Program Files\OpenJDK\jdk-11.0.10+9\bin\zip.dll
0x00007ffa57790000 - 0x00007ffa57ecf000 	C:\WINDOWS\System32\SHELL32.dll
0x00007ffa54910000 - 0x00007ffa550a0000 	C:\WINDOWS\SYSTEM32\windows.storage.dll
0x00007ffa57430000 - 0x00007ffa57785000 	C:\WINDOWS\System32\combase.dll
0x00007ffa56280000 - 0x00007ffa562ac000 	C:\WINDOWS\SYSTEM32\Wldp.dll
0x00007ffa58080000 - 0x00007ffa5812e000 	C:\WINDOWS\System32\SHCORE.dll
0x00007ffa58880000 - 0x00007ffa588d5000 	C:\WINDOWS\System32\shlwapi.dll
0x00007ffa56770000 - 0x00007ffa5678f000 	C:\WINDOWS\SYSTEM32\profapi.dll
0x00007ffa4b880000 - 0x00007ffa4b899000 	C:\Program Files\OpenJDK\jdk-11.0.10+9\bin\net.dll
0x00007ffa4d500000 - 0x00007ffa4d608000 	C:\WINDOWS\SYSTEM32\WINHTTP.dll
0x00007ffa55fe0000 - 0x00007ffa5604a000 	C:\WINDOWS\system32\mswsock.dll
0x00007ffa4b860000 - 0x00007ffa4b872000 	C:\Program Files\OpenJDK\jdk-11.0.10+9\bin\nio.dll
0x00007ffa48c50000 - 0x00007ffa48c6a000 	C:\Program Files\JetBrains\IntelliJ IDEA Community Edition 2020.3.2\bin\breakgen64.dll
0x00007ffa4c4d0000 - 0x00007ffa4c4d9000 	C:\Program Files\OpenJDK\jdk-11.0.10+9\bin\management.dll
0x00007ffa4be50000 - 0x00007ffa4be5b000 	C:\Program Files\OpenJDK\jdk-11.0.10+9\bin\management_ext.dll
0x00007ffa1d920000 - 0x00007ffa1d937000 	C:\WINDOWS\system32\napinsp.dll
0x00007ffa1d900000 - 0x00007ffa1d91b000 	C:\WINDOWS\system32\pnrpnsp.dll
0x00007ffa4d7f0000 - 0x00007ffa4d805000 	C:\WINDOWS\system32\wshbth.dll
0x00007ffa4dfb0000 - 0x00007ffa4dfcd000 	C:\WINDOWS\system32\NLAapi.dll
0x00007ffa55c80000 - 0x00007ffa55cbb000 	C:\WINDOWS\SYSTEM32\IPHLPAPI.DLL
0x00007ffa55cd0000 - 0x00007ffa55d9c000 	C:\WINDOWS\SYSTEM32\DNSAPI.dll
0x00007ffa58640000 - 0x00007ffa58648000 	C:\WINDOWS\System32\NSI.dll
0x00007ffa1d8e0000 - 0x00007ffa1d8f2000 	C:\WINDOWS\System32\winrnr.dll
0x00007ffa48ce0000 - 0x00007ffa48cea000 	C:\Windows\System32\rasadhlp.dll
0x00007ffa43e00000 - 0x00007ffa43e7f000 	C:\WINDOWS\System32\fwpuclnt.dll
0x00007ffa56ba0000 - 0x00007ffa56bc7000 	C:\WINDOWS\System32\bcrypt.dll
0x00007ffa561d0000 - 0x00007ffa561e8000 	C:\WINDOWS\SYSTEM32\CRYPTSP.dll
0x00007ffa558f0000 - 0x00007ffa55924000 	C:\WINDOWS\system32\rsaenh.dll
0x00007ffa56730000 - 0x00007ffa5675e000 	C:\WINDOWS\SYSTEM32\USERENV.dll
0x00007ffa561f0000 - 0x00007ffa561fc000 	C:\WINDOWS\SYSTEM32\CRYPTBASE.dll
0x00007ffa48d60000 - 0x00007ffa48d77000 	C:\WINDOWS\SYSTEM32\dhcpcsvc6.DLL
0x00007ffa49cd0000 - 0x00007ffa49ced000 	C:\WINDOWS\SYSTEM32\dhcpcsvc.DLL
0x00007ffa34370000 - 0x00007ffa34395000 	C:\Program Files\OpenJDK\jdk-11.0.10+9\bin\sunec.dll

dbghelp: loaded successfully - version: 4.0.5 - missing functions: none
symbol engine: initialized successfully - sym options: 0x614 - pdb path: .;C:\Program Files\OpenJDK\jdk-11.0.10+9\bin;C:\WINDOWS\SYSTEM32;C:\WINDOWS\WinSxS\amd64_microsoft.windows.common-controls_6595b64144ccf1df_6.0.19041.1110_none_60b5254171f9507e;C:\Program Files\OpenJDK\jdk-11.0.10+9\bin\server;C:\Program Files\JetBrains\IntelliJ IDEA Community Edition 2020.3.2\bin

VM Arguments:
jvm_args: -javaagent:C:\Program Files\JetBrains\IntelliJ IDEA Community Edition 2020.3.2\lib\idea_rt.jar=58298:C:\Program Files\JetBrains\IntelliJ IDEA Community Edition 2020.3.2\bin -Dfile.encoding=UTF-8 
java_command: com.jwelzbacher.swisstournament.SwissTournamentApplication
java_class_path (initial): C:\Users\Student\workspace\swiss-tournament\target\classes;C:\Users\Student\.m2\repository\org\mindrot\jbcrypt\0.4\jbcrypt-0.4.jar;C:\Users\Student\.m2\repository\io\jsonwebtoken\jjwt\0.9.1\jjwt-0.9.1.jar;C:\Users\Student\.m2\repository\com\fasterxml\jackson\core\jackson-databind\2.12.4\jackson-databind-2.12.4.jar;C:\Users\Student\.m2\repository\com\fasterxml\jackson\core\jackson-annotations\2.12.4\jackson-annotations-2.12.4.jar;C:\Users\Student\.m2\repository\com\fasterxml\jackson\core\jackson-core\2.12.4\jackson-core-2.12.4.jar;C:\Users\Student\.m2\repository\org\springframework\boot\spring-boot-starter-web\2.5.4\spring-boot-starter-web-2.5.4.jar;C:\Users\Student\.m2\repository\org\springframework\boot\spring-boot-starter\2.5.4\spring-boot-starter-2.5.4.jar;C:\Users\Student\.m2\repository\org\springframework\boot\spring-boot-starter-logging\2.5.4\spring-boot-starter-logging-2.5.4.jar;C:\Users\Student\.m2\repository\ch\qos\logback\logback-classic\1.2.5\logback-classic-1.2.5.jar;C:\Users\Student\.m2\repository\ch\qos\logback\logback-core\1.2.5\logback-core-1.2.5.jar;C:\Users\Student\.m2\repository\org\apache\logging\log4j\log4j-to-slf4j\2.14.1\log4j-to-slf4j-2.14.1.jar;C:\Users\Student\.m2\repository\org\apache\logging\log4j\log4j-api\2.14.1\log4j-api-2.14.1.jar;C:\Users\Student\.m2\repository\org\slf4j\jul-to-slf4j\1.7.32\jul-to-slf4j-1.7.32.jar;C:\Users\Student\.m2\repository\jakarta\annotation\jakarta.annotation-api\1.3.5\jakarta.annotation-api-1.3.5.jar;C:\Users\Student\.m2\repository\org\yaml\snakeyaml\1.28\snakeyaml-1.28.jar;C:\Users\Student\.m2\repository\org\springframework\boot\spring-boot-starter-json\2.5.4\spring-boot-starter-json-2.5.4.jar;C:\Users\Student\.m2\repository\com\fasterxml\jackson\datatype\jackson-datatype-jdk8\2.12.4\jackson-datatype-jdk8-2.12.4.jar;C:\Users\Student\.m2\repository\com\fasterxml\jackson\datatype\jackson-datatype-jsr310\2.12.4\jackson-datatype-jsr310-2.12.4.jar;C:\Users\Student\.m2\repository\com\f
Launcher Type: SUN_STANDARD

[Global flags]
     intx CICompilerCount                          = 4                                         {product} {ergonomic}
     uint ConcGCThreads                            = 2                                         {product} {ergonomic}
     uint G1ConcRefinementThreads                  = 8                                         {product} {ergonomic}
   size_t G1HeapRegionSize                         = 1048576                                   {product} {ergonomic}
    uintx GCDrainStackTargetSize                   = 64                                        {product} {ergonomic}
   size_t InitialHeapSize                          = 264241152                                 {product} {ergonomic}
   size_t MarkStackSize                            = 4194304                                   {product} {ergonomic}
   size_t MaxHeapSize                              = 4225761280                                {product} {ergonomic}
   size_t MaxNewSize                               = 2535456768                                {product} {ergonomic}
   size_t MinHeapDeltaBytes                        = 1048576                                   {product} {ergonomic}
    uintx NonNMethodCodeHeapSize                   = 5836300                                {pd product} {ergonomic}
    uintx NonProfiledCodeHeapSize                  = 122910970                              {pd product} {ergonomic}
    uintx ProfiledCodeHeapSize                     = 122910970                              {pd product} {ergonomic}
    uintx ReservedCodeCacheSize                    = 251658240                              {pd product} {ergonomic}
     bool SegmentedCodeCache                       = true                                      {product} {ergonomic}
     bool UseCompressedClassPointers               = true                                 {lp64_product} {ergonomic}
     bool UseCompressedOops                        = true                                 {lp64_product} {ergonomic}
     bool UseG1GC                                  = true                                      {product} {ergonomic}
     bool UseLargePagesIndividualAllocation        = false                                  {pd product} {ergonomic}

Logging:
Log output configuration:
 #0: stdout all=warning uptime,level,tags
 #1: stderr all=off uptime,level,tags

Environment Variables:
JAVA_HOME=C:\Program Files\OpenJDK\jdk-11.0.10+9
PATH=C:\WINDOWS\system32;C:\WINDOWS;C:\WINDOWS\System32\Wbem;C:\WINDOWS\System32\WindowsPowerShell\v1.0\;C:\WINDOWS\System32\OpenSSH\;C:\ProgramData\chocolatey\bin;C:\Program Files\Git\cmd;C:\Program Files\dotnet\;C:\Program Files\Microsoft SQL Server\130\Tools\Binn\;C:\Program Files\Microsoft SQL Server\Client SDK\ODBC\170\Tools\Binn\;C:\Program Files (x86)\Microsoft SQL Server\150\Tools\Binn\;C:\Program Files\Microsoft SQL Server\150\Tools\Binn\;C:\Program Files\Microsoft SQL Server\150\DTS\Binn\;C:\Program Files (x86)\Microsoft SQL Server\150\DTS\Binn\;C:\Program Files\Azure Data Studio\bin;C:\Program Files\OpenJDK\jdk-11.0.10+9\bin;C:\Program Files\PostgreSQL\12\bin;C:\Program Files\Maven\apache-maven-3.6.3\bin;C:\Program Files\ChromeDriver;C:\Program Files\Node\node-v14.15.5-win-x64;C:\Program Files\Microsoft VS Code\bin;C:\Program Files\PostgreSQL\13\bin;C:\Program Files\PostgreSQL\13\lib;C:\Users\Student\AppData\Local\Microsoft\WindowsApps;C:\Users\Student\.dotnet\tools;C:\Program Files\Azure Data Studio\bin;C:\Program Files\PostgreSQL\13\bin;C:\Program Files\PostgreSQL\13\lib;
USERNAME=Student
OS=Windows_NT
PROCESSOR_IDENTIFIER=Intel64 Family 6 Model 140 Stepping 1, GenuineIntel



---------------  S Y S T E M  ---------------

OS: Windows 10 , 64 bit Build 19041 (10.0.19041.1202)
OS uptime: 4 days 6:23 hours

CPU:total 8 (initial active 8) (4 cores per cpu, 2 threads per core) family 6 model 140 stepping 1 microcode 0x86, cmov, cx8, fxsr, mmx, sse, sse2, sse3, ssse3, sse4.1, sse4.2, popcnt, avx, avx2, aes, clmul, erms, 3dnowpref, lzcnt, ht, tsc, tscinvbit, bmi1, bmi2, adx, evex, sha, fma

Memory: 4k page, system-wide physical 16113M (4699M free)
TotalPageFile size 19205M (AvailPageFile size 4M)
current process WorkingSet (physical memory assigned to process): 421M, peak: 423M
current process commit charge ("private bytes"): 580M, peak: 583M

vm_info: OpenJDK 64-Bit Server VM (11.0.10+9) for windows-amd64 JRE (11.0.10+9), built on Jan 20 2021 06:07:07 by "" with MS VC++ 15.9 (VS2017)

END.
